<?xml version="1.0" encoding="utf-8"?>
<feed xmlns="http://www.w3.org/2005/Atom">

  <title><![CDATA[Category: easy_install | Timeline]]></title>
  <link href="http://kongakong.github.io/blog/categories/easy-install/atom.xml" rel="self"/>
  <link href="http://kongakong.github.io/"/>
  <updated>2013-06-24T21:49:59+10:00</updated>
  <id>http://kongakong.github.io/</id>
  <author>
    <name><![CDATA[Anthony Kong]]></name>
    
  </author>
  <generator uri="http://octopress.org/">Octopress</generator>

  
  <entry>
    <title type="html"><![CDATA[Sometimes ``easy_install`` drives me nut]]></title>
    <link href="http://kongakong.github.io/blog/2012/07/08/p-26738628200/"/>
    <updated>2012-07-08T13:16:00+10:00</updated>
    <id>http://kongakong.github.io/blog/2012/07/08/p-26738628200</id>
    <content type="html"><![CDATA[<p>It is never easy with <code>easy_install</code>.</p>

<p>```
mbp002:python antkong$ ./easy_install-2.7 numpy-1.6.2
Searching for numpy-1.6.2
Reading <a href="http://pypi.python.org/simple/numpy-1.6.2/">http://pypi.python.org/simple/numpy-1.6.2/</a>
Couldn&rsquo;t find index page for &lsquo;numpy-1.6.2&rsquo; (maybe misspelled?)
Scanning index of all packages (this may take a while)
Reading <a href="http://pypi.python.org/simple/">http://pypi.python.org/simple/</a>
^Cinterrupted
mbp002:python antkong$ ./easy_install-2.7 numpy
Searching for numpy
Reading <a href="http://pypi.python.org/simple/numpy/">http://pypi.python.org/simple/numpy/</a>
Reading <a href="http://numpy.scipy.org">http://numpy.scipy.org</a>
Reading <a href="http://sourceforge.net/project/showfiles.php?group_id=1369&amp;package_id=175103">http://sourceforge.net/project/showfiles.php?group_id=1369&amp;package_id=175103</a>
Reading <a href="http://numeric.scipy.org">http://numeric.scipy.org</a>
Best match: numpy 1.6.2
Downloading <a href="http://pypi.python.org/packages/source/n/numpy/numpy-1.6.2.zip#md5=7e13c931985f90efcfa0408f845d6fee">http://pypi.python.org/packages/source/n/numpy/numpy-1.6.2.zip#md5=7e13c931985f90efcfa0408f845d6fee</a>
Processing numpy-1.6.2.zip
Writing /var/folders/p6/0ngqkfy57rq48g4k3jt6rq0c0000gn/T/easy_install-6a51Gw/numpy-1.6.2/setup.cfg
Running numpy-1.6.2/setup.py -q bdist_egg &mdash;dist-dir /var/folders/p6/0ngqkfy57rq48g4k3jt6rq0c0000gn/T/easy_install-6a51Gw/numpy-1.6.2/egg-dist-tmp-4w8nPc
Running from numpy source directory.non-existing path in &lsquo;/private/var/folders/p6/0ngqkfy57rq48g4k3jt6rq0c0000gn/T/easy_install-6a51Gw/numpy-1.6.2/numpy/distutils&rsquo;: &lsquo;site.cfg&rsquo;
Could not locate executable f95
Could not locate executable f90
Could not locate executable f77
Could not locate executable xlf90
Could not locate executable xlf
Could not locate executable ifort
Could not locate executable ifc
Could not locate executable g77
Found executable /usr/local/bin/gfortran
<em>configtest.c:1:20: error: endian.h: No such file or directory
</em>configtest.c:1:20: error: endian.h: No such file or directory
<em>configtest.c: In function ‘main’:
</em>configtest.c:5: error: size of array ‘test_array’ is negative
<em>configtest.c: In function ‘main’:
</em>configtest.c:5: error: size of array ‘test_array’ is negative
<em>configtest.c: In function ‘main’:
</em>configtest.c:5: error: size of array ‘test_array’ is negative
<em>configtest.c: In function ‘main’:
</em>configtest.c:5: error: size of array ‘test_array’ is negative
<em>configtest.c: In function ‘main’:
</em>configtest.c:5: error: size of array ‘test_array’ is negative
<em>configtest.c: In function ‘main’:
</em>configtest.c:5: error: size of array ‘test_array’ is negative
<em>configtest.c: In function ‘main’:
</em>configtest.c:5: error: size of array ‘test_array’ is negative
<em>configtest.c: In function ‘main’:
</em>configtest.c:5: error: size of array ‘test_array’ is negative
<em>configtest.c: In function ‘main’:
</em>configtest.c:5: error: size of array ‘test_array’ is negative
<em>configtest.c: In function ‘main’:
</em>configtest.c:5: error: size of array ‘test_array’ is negative
<em>configtest.c: In function ‘main’:
</em>configtest.c:5: error: size of array ‘test_array’ is negative
<em>configtest.c: In function ‘main’:
</em>configtest.c:5: error: size of array ‘test_array’ is negative
<em>configtest.c: In function ‘main’:
</em>configtest.c:5: error: size of array ‘test_array’ is negative
<em>configtest.c: In function ‘main’:
</em>configtest.c:5: error: size of array ‘test_array’ is negative
<em>configtest.c: In function ‘main’:
</em>configtest.c:5: error: size of array ‘test_array’ is negative
<em>configtest.c: In function ‘main’:
</em>configtest.c:5: error: size of array ‘test_array’ is negative
<em>configtest.c: In function ‘main’:
</em>configtest.c:5: error: size of array ‘test_array’ is negative
<em>configtest.c: In function ‘main’:
</em>configtest.c:5: error: size of array ‘test_array’ is negative
<em>configtest.c: In function ‘main’:
</em>configtest.c:5: error: size of array ‘test_array’ is negative
<em>configtest.c: In function ‘main’:
</em>configtest.c:5: error: size of array ‘test_array’ is negative
<em>configtest.c: In function ‘main’:
</em>configtest.c:5: error: size of array ‘test_array’ is negative
<em>configtest.c: In function ‘main’:
</em>configtest.c:5: error: size of array ‘test_array’ is negative
<em>configtest.c: In function ‘main’:
</em>configtest.c:5: error: size of array ‘test_array’ is negative
<em>configtest.c: In function ‘main’:
</em>configtest.c:5: error: size of array ‘test_array’ is negative
<em>configtest.c: In function ‘main’:
</em>configtest.c:5: error: size of array ‘test_array’ is negative
<em>configtest.c: In function ‘main’:
</em>configtest.c:5: error: size of array ‘test_array’ is negative
<em>configtest.c: In function ‘main’:
</em>configtest.c:7: error: ‘SIZEOF_LONGDOUBLE’ undeclared (first use in this function)
<em>configtest.c:7: error: (Each undeclared identifier is reported only once
</em>configtest.c:7: error: for each function it appears in.)
<em>configtest.c: In function ‘main’:
</em>configtest.c:7: error: ‘SIZEOF_LONGDOUBLE’ undeclared (first use in this function)
<em>configtest.c:7: error: (Each undeclared identifier is reported only once
</em>configtest.c:7: error: for each function it appears in.)
<em>configtest.c: In function ‘main’:
</em>configtest.c:5: error: size of array ‘test_array’ is negative
<em>configtest.c: In function ‘main’:
</em>configtest.c:5: error: size of array ‘test_array’ is negative
<em>configtest.c: In function ‘main’:
</em>configtest.c:5: error: size of array ‘test_array’ is negative
<em>configtest.c: In function ‘main’:
</em>configtest.c:5: error: size of array ‘test_array’ is negative
<em>configtest.c: In function ‘main’:
</em>configtest.c:5: error: size of array ‘test_array’ is negative
<em>configtest.c: In function ‘main’:
</em>configtest.c:5: error: size of array ‘test_array’ is negative
<em>configtest.c: In function ‘main’:
</em>configtest.c:5: error: size of array ‘test_array’ is negative
<em>configtest.c: In function ‘main’:
</em>configtest.c:5: error: size of array ‘test_array’ is negative
<em>configtest.c: In function ‘main’:
</em>configtest.c:5: error: size of array ‘test_array’ is negative
<em>configtest.c: In function ‘main’:
</em>configtest.c:5: error: size of array ‘test_array’ is negative
<em>configtest.c: In function ‘main’:
</em>configtest.c:5: error: size of array ‘test_array’ is negative
<em>configtest.c: In function ‘main’:
</em>configtest.c:5: error: size of array ‘test_array’ is negative
<em>configtest.c: In function ‘main’:
</em>configtest.c:5: error: size of array ‘test_array’ is negative
<em>configtest.c: In function ‘main’:
</em>configtest.c:5: error: size of array ‘test_array’ is negative
<em>configtest.c: In function ‘main’:
</em>configtest.c:5: error: size of array ‘test_array’ is negative
<em>configtest.c: In function ‘main’:
</em>configtest.c:5: error: size of array ‘test_array’ is negative
<em>configtest.c: In function ‘main’:
</em>configtest.c:5: error: size of array ‘test_array’ is negative
<em>configtest.c: In function ‘main’:
</em>configtest.c:5: error: size of array ‘test_array’ is negative
<em>configtest.c: In function ‘main’:
</em>configtest.c:5: error: size of array ‘test_array’ is negative
<em>configtest.c: In function ‘main’:
</em>configtest.c:5: error: size of array ‘test_array’ is negative
<em>configtest.c: In function ‘main’:
</em>configtest.c:5: error: size of array ‘test_array’ is negative
<em>configtest.c: In function ‘main’:
</em>configtest.c:5: error: size of array ‘test_array’ is negative
<em>configtest.c: In function ‘main’:
</em>configtest.c:5: error: size of array ‘test_array’ is negative
<em>configtest.c: In function ‘main’:
</em>configtest.c:5: error: size of array ‘test_array’ is negative
<em>configtest.c: In function ‘main’:
</em>configtest.c:5: error: size of array ‘test_array’ is negative
<em>configtest.c: In function ‘main’:
</em>configtest.c:5: error: size of array ‘test_array’ is negative
<em>configtest.c: In function ‘main’:
</em>configtest.c:5: error: size of array ‘test_array’ is negative
<em>configtest.c: In function ‘main’:
</em>configtest.c:5: error: size of array ‘test_array’ is negative
<em>configtest.c: In function ‘main’:
</em>configtest.c:7: error: size of array ‘test_array’ is negative
<em>configtest.c: In function ‘main’:
</em>configtest.c:7: error: size of array ‘test_array’ is negative
<em>configtest.c: In function ‘main’:
</em>configtest.c:8: error: ‘HAVE_DECL_SIGNBIT’ undeclared (first use in this function)
<em>configtest.c:8: error: (Each undeclared identifier is reported only once
</em>configtest.c:8: error: for each function it appears in.)
<em>configtest.c: In function ‘main’:
</em>configtest.c:8: error: ‘HAVE_DECL_SIGNBIT’ undeclared (first use in this function)
<em>configtest.c:8: error: (Each undeclared identifier is reported only once
</em>configtest.c:8: error: for each function it appears in.)
<em>configtest.c: In function ‘main’:
</em>configtest.c:7: error: ‘Py_UNICODE_WIDE’ undeclared (first use in this function)
<em>configtest.c:7: error: (Each undeclared identifier is reported only once
</em>configtest.c:7: error: for each function it appears in.)
<em>configtest.c: In function ‘main’:
</em>configtest.c:7: error: ‘Py_UNICODE_WIDE’ undeclared (first use in this function)
<em>configtest.c:7: error: (Each undeclared identifier is reported only once
</em>configtest.c:7: error: for each function it appears in.)
(&lsquo;File:&rsquo;, &lsquo;build/src.macosx-10.4-x86_64-2.7/numpy/core/include/numpy/config.h&rsquo;)</p>

<h1>define SIZEOF_PY_INTPTR_T 8</h1>

<h1>define SIZEOF_PY_LONG_LONG 8</h1>

<h1>define MATHLIB</h1>

<h1>define HAVE_SIN</h1>

<h1>define HAVE_COS</h1>

<h1>define HAVE_TAN</h1>

<h1>define HAVE_SINH</h1>

<h1>define HAVE_COSH</h1>

<h1>define HAVE_TANH</h1>

<h1>define HAVE_FABS</h1>

<h1>define HAVE_FLOOR</h1>

<h1>define HAVE_CEIL</h1>

<h1>define HAVE_SQRT</h1>

<h1>define HAVE_LOG10</h1>

<h1>define HAVE_LOG</h1>

<h1>define HAVE_EXP</h1>

<h1>define HAVE_ASIN</h1>

<h1>define HAVE_ACOS</h1>

<h1>define HAVE_ATAN</h1>

<h1>define HAVE_FMOD</h1>

<h1>define HAVE_MODF</h1>

<h1>define HAVE_FREXP</h1>

<h1>define HAVE_LDEXP</h1>

<h1>define HAVE_RINT</h1>

<h1>define HAVE_TRUNC</h1>

<h1>define HAVE_EXP2</h1>

<h1>define HAVE_LOG2</h1>

<h1>define HAVE_ATAN2</h1>

<h1>define HAVE_POW</h1>

<h1>define HAVE_NEXTAFTER</h1>

<h1>define HAVE_SINF</h1>

<h1>define HAVE_COSF</h1>

<h1>define HAVE_TANF</h1>

<h1>define HAVE_SINHF</h1>

<h1>define HAVE_COSHF</h1>

<h1>define HAVE_TANHF</h1>

<h1>define HAVE_FABSF</h1>

<h1>define HAVE_FLOORF</h1>

<h1>define HAVE_CEILF</h1>

<h1>define HAVE_RINTF</h1>

<h1>define HAVE_TRUNCF</h1>

<h1>define HAVE_SQRTF</h1>

<h1>define HAVE_LOG10F</h1>

<h1>define HAVE_LOGF</h1>

<h1>define HAVE_LOG1PF</h1>

<h1>define HAVE_EXPF</h1>

<h1>define HAVE_EXPM1F</h1>

<h1>define HAVE_ASINF</h1>

<h1>define HAVE_ACOSF</h1>

<h1>define HAVE_ATANF</h1>

<h1>define HAVE_ASINHF</h1>

<h1>define HAVE_ACOSHF</h1>

<h1>define HAVE_ATANHF</h1>

<h1>define HAVE_HYPOTF</h1>

<h1>define HAVE_ATAN2F</h1>

<h1>define HAVE_POWF</h1>

<h1>define HAVE_FMODF</h1>

<h1>define HAVE_MODFF</h1>

<h1>define HAVE_FREXPF</h1>

<h1>define HAVE_LDEXPF</h1>

<h1>define HAVE_EXP2F</h1>

<h1>define HAVE_LOG2F</h1>

<h1>define HAVE_COPYSIGNF</h1>

<h1>define HAVE_NEXTAFTERF</h1>

<h1>define HAVE_SINL</h1>

<h1>define HAVE_COSL</h1>

<h1>define HAVE_TANL</h1>

<h1>define HAVE_SINHL</h1>

<h1>define HAVE_COSHL</h1>

<h1>define HAVE_TANHL</h1>

<h1>define HAVE_FABSL</h1>

<h1>define HAVE_FLOORL</h1>

<h1>define HAVE_CEILL</h1>

<h1>define HAVE_RINTL</h1>

<h1>define HAVE_TRUNCL</h1>

<h1>define HAVE_SQRTL</h1>

<h1>define HAVE_LOG10L</h1>

<h1>define HAVE_LOGL</h1>

<h1>define HAVE_LOG1PL</h1>

<h1>define HAVE_EXPL</h1>

<h1>define HAVE_EXPM1L</h1>

<h1>define HAVE_ASINL</h1>

<h1>define HAVE_ACOSL</h1>

<h1>define HAVE_ATANL</h1>

<h1>define HAVE_ASINHL</h1>

<h1>define HAVE_ACOSHL</h1>

<h1>define HAVE_ATANHL</h1>

<h1>define HAVE_HYPOTL</h1>

<h1>define HAVE_ATAN2L</h1>

<h1>define HAVE_POWL</h1>

<h1>define HAVE_FMODL</h1>

<h1>define HAVE_MODFL</h1>

<h1>define HAVE_FREXPL</h1>

<h1>define HAVE_LDEXPL</h1>

<h1>define HAVE_EXP2L</h1>

<h1>define HAVE_LOG2L</h1>

<h1>define HAVE_COPYSIGNL</h1>

<h1>define HAVE_NEXTAFTERL</h1>

<h1>define HAVE_DECL_SIGNBIT</h1>

<h1>define HAVE_COMPLEX_H</h1>

<h1>define HAVE_CREAL</h1>

<h1>define HAVE_CIMAG</h1>

<h1>define HAVE_CABS</h1>

<h1>define HAVE_CARG</h1>

<h1>define HAVE_CEXP</h1>

<h1>define HAVE_CSQRT</h1>

<h1>define HAVE_CLOG</h1>

<h1>define HAVE_CCOS</h1>

<h1>define HAVE_CSIN</h1>

<h1>define HAVE_CPOW</h1>

<h1>define HAVE_CREALF</h1>

<h1>define HAVE_CIMAGF</h1>

<h1>define HAVE_CABSF</h1>

<h1>define HAVE_CARGF</h1>

<h1>define HAVE_CEXPF</h1>

<h1>define HAVE_CSQRTF</h1>

<h1>define HAVE_CLOGF</h1>

<h1>define HAVE_CCOSF</h1>

<h1>define HAVE_CSINF</h1>

<h1>define HAVE_CPOWF</h1>

<h1>define HAVE_CREALL</h1>

<h1>define HAVE_CIMAGL</h1>

<h1>define HAVE_CABSL</h1>

<h1>define HAVE_CARGL</h1>

<h1>define HAVE_CEXPL</h1>

<h1>define HAVE_CSQRTL</h1>

<h1>define HAVE_CLOGL</h1>

<h1>define HAVE_CCOSL</h1>

<h1>define HAVE_CSINL</h1>

<h1>define HAVE_CPOWL</h1>

<h1>ifndef __cplusplus</h1>

<p>/<em> #undef inline </em>/</p>

<h1>endif</h1>

<h1>ifndef <em>NPY_NPY_CONFIG_H</em></h1>

<h1>error config.h should never be included directly, include npy_config.h instead</h1>

<h1>endif</h1>

<p>EOF
File: build/src.macosx-10.4-x86_64-2.7/numpy/core/include/numpy/_numpyconfig.h</p>

<h1>define NPY_SIZEOF_SHORT SIZEOF_SHORT</h1>

<h1>define NPY_SIZEOF_INT SIZEOF_INT</h1>

<h1>define NPY_SIZEOF_LONG SIZEOF_LONG</h1>

<h1>define NPY_SIZEOF_FLOAT 4</h1>

<h1>define NPY_SIZEOF_COMPLEX_FLOAT 8</h1>

<h1>define NPY_SIZEOF_DOUBLE 8</h1>

<h1>define NPY_SIZEOF_COMPLEX_DOUBLE 16</h1>

<h1>define NPY_SIZEOF_LONGDOUBLE 16</h1>

<h1>define NPY_SIZEOF_COMPLEX_LONGDOUBLE 32</h1>

<h1>define NPY_SIZEOF_PY_INTPTR_T 8</h1>

<h1>define NPY_SIZEOF_PY_LONG_LONG 8</h1>

<h1>define NPY_SIZEOF_LONGLONG 8</h1>

<h1>define NPY_NO_SMP 0</h1>

<h1>define NPY_HAVE_DECL_ISNAN</h1>

<h1>define NPY_HAVE_DECL_ISINF</h1>

<h1>define NPY_HAVE_DECL_ISFINITE</h1>

<h1>define NPY_HAVE_DECL_SIGNBIT</h1>

<h1>define NPY_USE_C99_COMPLEX</h1>

<h1>define NPY_HAVE_COMPLEX_DOUBLE 1</h1>

<h1>define NPY_HAVE_COMPLEX_FLOAT 1</h1>

<h1>define NPY_HAVE_COMPLEX_LONG_DOUBLE 1</h1>

<h1>define NPY_USE_C99_FORMATS 1</h1>

<h1>define NPY_VISIBILITY_HIDDEN <strong>attribute</strong>((visibility(&ldquo;hidden&rdquo;)))</h1>

<h1>define NPY_ABI_VERSION 0x01000009</h1>

<h1>define NPY_API_VERSION 0x00000006</h1>

<h1>ifndef __STDC_FORMAT_MACROS</h1>

<h1>define __STDC_FORMAT_MACROS 1</h1>

<h1>endif</h1>

<p>EOF
non-existing path in &lsquo;/private/var/folders/p6/0ngqkfy57rq48g4k3jt6rq0c0000gn/T/easy_install-6a51Gw/numpy-1.6.2/numpy/core&rsquo;: &lsquo;build/src.macosx-10.4-x86_64-2.7/numpy/core/src/multiarray&rsquo;
non-existing path in &lsquo;/private/var/folders/p6/0ngqkfy57rq48g4k3jt6rq0c0000gn/T/easy_install-6a51Gw/numpy-1.6.2/numpy/core&rsquo;: &lsquo;build/src.macosx-10.4-x86_64-2.7/numpy/core/src/umath&rsquo;
zip_safe flag not set; analyzing archive contents&hellip;
numpy.<em>import_tools: module references <strong>file</strong>
numpy.</em>import_tools: module references <strong>path</strong>
numpy.core.generate_numpy_api: module references <strong>file</strong>
numpy.core.scons_support: module references <strong>file</strong>
numpy.core.setup: module references <strong>file</strong>
numpy.core.setup_common: module references <strong>file</strong>
numpy.distutils.exec_command: module references <strong>file</strong>
numpy.distutils.misc_util: module references <strong>file</strong>
numpy.distutils.npy_pkg_config: module references <strong>file</strong>
numpy.distutils.system_info: module references <strong>file</strong>
numpy.distutils.command.build_src: module references <strong>file</strong>
numpy.distutils.command.scons: module references <strong>file</strong>
numpy.distutils.fcompiler.<strong>init</strong>: module references <strong>file</strong>
numpy.distutils.fcompiler.compaq: module references <strong>file</strong>
numpy.doc.<strong>init</strong>: module references <strong>file</strong>
numpy.f2py.diagnose: module references <strong>file</strong>
numpy.f2py.f2py2e: module references <strong>file</strong>
numpy.f2py.setup: module references <strong>file</strong>
numpy.f2py.setupscons: module references <strong>file</strong>
numpy.lib.utils: module references <strong>file</strong>
numpy.lib.utils: module references <strong>path</strong>
numpy.lib.utils: module MAY be using inspect.getsource
numpy.lib.utils: module MAY be using inspect.getsourcefile
numpy.numarray.util: module references <strong>file</strong>
numpy.testing.noseclasses: module references <strong>file</strong>
numpy.testing.nosetester: module references <strong>file</strong>
numpy.testing.numpytest: module references <strong>file</strong>
numpy.testing.utils: module references <strong>file</strong>
Adding numpy 1.6.2 to easy-install.pth file
Installing f2py2.7 script to /usr/local/share/python</p>

<p>Installed /usr/local/lib/python2.7/site-packages/numpy-1.6.2-py2.7-macosx-10.4-x86_64.egg
Processing dependencies for numpy
Finished processing dependencies for numpy
/var/folders/p6/0ngqkfy57rq48g4k3jt6rq0c0000gn/T/easy_install-6a51Gw/numpy-1.6.2/numpy/distutils/misc_util.py:252: RuntimeWarning: Parent module &lsquo;numpy.distutils&rsquo; not found while handling absolute import
Error in atexit.<em>run_exitfuncs:
Traceback (most recent call last):
  File &ldquo;/usr/local/Cellar/python/2.7.2/lib/python2.7/atexit.py&rdquo;, line 24, in </em>run_exitfuncs</p>

<pre><code>func(*targs, **kargs)
</code></pre>

<p>  File &ldquo;/var/folders/p6/0ngqkfy57rq48g4k3jt6rq0c0000gn/T/easy_install-6a51Gw/numpy-1.6.2/numpy/distutils/misc_util.py&rdquo;, line 252, in clean_up_temporary_directory
ImportError: No module named numpy.distutils
Error in sys.exitfunc:
Traceback (most recent call last):
  File &ldquo;/usr/local/Cellar/python/2.7.2/lib/python2.7/atexit.py&rdquo;, line 24, in _run_exitfuncs</p>

<pre><code>func(*targs, **kargs)
</code></pre>

<p>  File &ldquo;/var/folders/p6/0ngqkfy57rq48g4k3jt6rq0c0000gn/T/easy_install-6a51Gw/numpy-1.6.2/numpy/distutils/misc_util.py&rdquo;, line 252, in clean_up_temporary_directory
ImportError: No module named numpy.distutils</p>

<p>```</p>
]]></content>
  </entry>
  
</feed>
