<?xml version="1.0" encoding="utf-8"?>
<feed xmlns="http://www.w3.org/2005/Atom">

  <title><![CDATA[Category: numpy | Timeline]]></title>
  <link href="http://www.ahwkong.com/post/categories/numpy/atom.xml" rel="self"/>
  <link href="http://www.ahwkong.com/"/>
  <updated>2014-03-04T18:51:46+11:00</updated>
  <id>http://www.ahwkong.com/</id>
  <author>
    <name><![CDATA[Anthony Kong]]></name>
    
  </author>
  <generator uri="http://octopress.org/">Octopress</generator>

  
  <entry>
    <title type="html"><![CDATA[easy_install numpy]]></title>
    <link href="http://www.ahwkong.com/post/2013/11/29/easy-install-numpy/"/>
    <updated>2013-11-29T20:34:00+11:00</updated>
    <id>http://www.ahwkong.com/post/2013/11/29/easy-install-numpy</id>
    <content type="html"><![CDATA[<p>Despite this wall of warnings, <code>numpy</code> seems to work fine</p>

<p>{% codeblock %}</p>

<p>$ easy_install numpy
Searching for numpy
Reading <a href="https://pypi.python.org/simple/numpy/">https://pypi.python.org/simple/numpy/</a>
Best match: numpy 1.8.0
Downloading <a href="https://pypi.python.org/packages/source/n/numpy/numpy-1.8.0.zip#md5=6c918bb91c0cfa055b16b13850cfcd6e">https://pypi.python.org/packages/source/n/numpy/numpy-1.8.0.zip#md5=6c918bb91c0cfa055b16b13850cfcd6e</a>
Processing numpy-1.8.0.zip
Writing /var/folders/hc/9mbf3qy10mz8wxjmd9314kl80000gn/T/easy_install-8WjsnJ/numpy-1.8.0/setup.cfg
Running numpy-1.8.0/setup.py -q bdist_egg &mdash;dist-dir /var/folders/hc/9mbf3qy10mz8wxjmd9314kl80000gn/T/easy_install-8WjsnJ/numpy-1.8.0/egg-dist-tmp-PMFGZU
Running from numpy source directory.
non-existing path in &lsquo;/private/var/folders/hc/9mbf3qy10mz8wxjmd9314kl80000gn/T/easy_install-8WjsnJ/numpy-1.8.0/numpy/distutils&rsquo;: &lsquo;site.cfg&rsquo;
non-existing path in &lsquo;/private/var/folders/hc/9mbf3qy10mz8wxjmd9314kl80000gn/T/easy_install-8WjsnJ/numpy-1.8.0/numpy/lib&rsquo;: &lsquo;benchmarks&rsquo;
/usr/local/Cellar/python/2.7.6/Frameworks/Python.framework/Versions/2.7/lib/python2.7/distutils/dist.py:267: UserWarning: Unknown distribution option: &lsquo;define_macros&rsquo;
  warnings.warn(msg)
Could not locate executable gfortran
Could not locate executable f95
Could not locate executable f90
Could not locate executable f77
Could not locate executable xlf90
Could not locate executable xlf
Could not locate executable ifort
Could not locate executable ifc
Could not locate executable g77
Could not locate executable g95
Could not locate executable pgfortran
don&rsquo;t know how to compile Fortran code on platform &lsquo;posix&rsquo;
_configtest.c:1:5: warning: incompatible redeclaration of library function &lsquo;exp&rsquo; [-Wincompatible-library-redeclaration]
int exp (void);</p>

<pre><code>^
</code></pre>

<p><em>configtest.c:1:5: note: &lsquo;exp&rsquo; is a builtin with type &lsquo;double (double)&rsquo;
1 warning generated.
</em>configtest.c:1:10: fatal error: &lsquo;endian.h&rsquo; file not found</p>

<h1>include &lt;endian.h></h1>

<pre><code>     ^
</code></pre>

<p>1 error generated.
_configtest.c:1:10: fatal error: &lsquo;endian.h&rsquo; file not found</p>

<h1>include &lt;endian.h></h1>

<pre><code>     ^
</code></pre>

<p>1 error generated.
_configtest.c:5:28: error: &lsquo;test_array&rsquo; declared as an array with a negative size</p>

<pre><code>static int test_array [1 - 2 * !(((long) (sizeof (npy_check_sizeof_type))) == 4)];
                       ^~~~~~~~~~~~~~~~~~~~~~~~~~~~~~~~~~~~~~~~~~~~~~~~~~~~~~~~~
</code></pre>

<p>1 error generated.
_configtest.c:5:28: error: &lsquo;test_array&rsquo; declared as an array with a negative size</p>

<pre><code>static int test_array [1 - 2 * !(((long) (sizeof (npy_check_sizeof_type))) == 4)];
                       ^~~~~~~~~~~~~~~~~~~~~~~~~~~~~~~~~~~~~~~~~~~~~~~~~~~~~~~~~
</code></pre>

<p>1 error generated.
_configtest.c:5:28: error: &lsquo;test_array&rsquo; declared as an array with a negative size</p>

<pre><code>static int test_array [1 - 2 * !(((long) (sizeof (npy_check_sizeof_type))) == 4)];
                       ^~~~~~~~~~~~~~~~~~~~~~~~~~~~~~~~~~~~~~~~~~~~~~~~~~~~~~~~~
</code></pre>

<p>1 error generated.
_configtest.c:5:28: error: &lsquo;test_array&rsquo; declared as an array with a negative size</p>

<pre><code>static int test_array [1 - 2 * !(((long) (sizeof (npy_check_sizeof_type))) == 4)];
                       ^~~~~~~~~~~~~~~~~~~~~~~~~~~~~~~~~~~~~~~~~~~~~~~~~~~~~~~~~
</code></pre>

<p>1 error generated.
_configtest.c:5:28: error: &lsquo;test_array&rsquo; declared as an array with a negative size</p>

<pre><code>static int test_array [1 - 2 * !(((long) (sizeof (npy_check_sizeof_type))) &lt;= 0)];
                       ^~~~~~~~~~~~~~~~~~~~~~~~~~~~~~~~~~~~~~~~~~~~~~~~~~~~~~~~~
</code></pre>

<p>1 error generated.
_configtest.c:5:28: error: &lsquo;test_array&rsquo; declared as an array with a negative size</p>

<pre><code>static int test_array [1 - 2 * !(((long) (sizeof (npy_check_sizeof_type))) &lt;= 0)];
                       ^~~~~~~~~~~~~~~~~~~~~~~~~~~~~~~~~~~~~~~~~~~~~~~~~~~~~~~~~
</code></pre>

<p>1 error generated.
_configtest.c:5:28: error: &lsquo;test_array&rsquo; declared as an array with a negative size</p>

<pre><code>static int test_array [1 - 2 * !(((long) (sizeof (npy_check_sizeof_type))) &lt;= 1)];
                       ^~~~~~~~~~~~~~~~~~~~~~~~~~~~~~~~~~~~~~~~~~~~~~~~~~~~~~~~~
</code></pre>

<p>1 error generated.
_configtest.c:5:28: error: &lsquo;test_array&rsquo; declared as an array with a negative size</p>

<pre><code>static int test_array [1 - 2 * !(((long) (sizeof (npy_check_sizeof_type))) &lt;= 1)];
                       ^~~~~~~~~~~~~~~~~~~~~~~~~~~~~~~~~~~~~~~~~~~~~~~~~~~~~~~~~
</code></pre>

<p>1 error generated.
_configtest.c:5:28: error: &lsquo;test_array&rsquo; declared as an array with a negative size</p>

<pre><code>static int test_array [1 - 2 * !(((long) (sizeof (npy_check_sizeof_type))) &lt;= 3)];
                       ^~~~~~~~~~~~~~~~~~~~~~~~~~~~~~~~~~~~~~~~~~~~~~~~~~~~~~~~~
</code></pre>

<p>1 error generated.
_configtest.c:5:28: error: &lsquo;test_array&rsquo; declared as an array with a negative size</p>

<pre><code>static int test_array [1 - 2 * !(((long) (sizeof (npy_check_sizeof_type))) &lt;= 3)];
                       ^~~~~~~~~~~~~~~~~~~~~~~~~~~~~~~~~~~~~~~~~~~~~~~~~~~~~~~~~
</code></pre>

<p>1 error generated.
_configtest.c:5:28: error: &lsquo;test_array&rsquo; declared as an array with a negative size</p>

<pre><code>static int test_array [1 - 2 * !(((long) (sizeof (npy_check_sizeof_type))) &lt;= 7)];
                       ^~~~~~~~~~~~~~~~~~~~~~~~~~~~~~~~~~~~~~~~~~~~~~~~~~~~~~~~~
</code></pre>

<p>1 error generated.
_configtest.c:5:28: error: &lsquo;test_array&rsquo; declared as an array with a negative size</p>

<pre><code>static int test_array [1 - 2 * !(((long) (sizeof (npy_check_sizeof_type))) &lt;= 7)];
                       ^~~~~~~~~~~~~~~~~~~~~~~~~~~~~~~~~~~~~~~~~~~~~~~~~~~~~~~~~
</code></pre>

<p>1 error generated.
_configtest.c:5:28: error: &lsquo;test_array&rsquo; declared as an array with a negative size</p>

<pre><code>static int test_array [1 - 2 * !(((long) (sizeof (npy_check_sizeof_type))) == 8)];
                       ^~~~~~~~~~~~~~~~~~~~~~~~~~~~~~~~~~~~~~~~~~~~~~~~~~~~~~~~~
</code></pre>

<p>1 error generated.
_configtest.c:5:28: error: &lsquo;test_array&rsquo; declared as an array with a negative size</p>

<pre><code>static int test_array [1 - 2 * !(((long) (sizeof (npy_check_sizeof_type))) == 8)];
                       ^~~~~~~~~~~~~~~~~~~~~~~~~~~~~~~~~~~~~~~~~~~~~~~~~~~~~~~~~
</code></pre>

<p>1 error generated.
_configtest.c:5:28: error: &lsquo;test_array&rsquo; declared as an array with a negative size</p>

<pre><code>static int test_array [1 - 2 * !(((long) (sizeof (npy_check_sizeof_type))) == 8)];
                       ^~~~~~~~~~~~~~~~~~~~~~~~~~~~~~~~~~~~~~~~~~~~~~~~~~~~~~~~~
</code></pre>

<p>1 error generated.
_configtest.c:5:28: error: &lsquo;test_array&rsquo; declared as an array with a negative size</p>

<pre><code>static int test_array [1 - 2 * !(((long) (sizeof (npy_check_sizeof_type))) == 8)];
                       ^~~~~~~~~~~~~~~~~~~~~~~~~~~~~~~~~~~~~~~~~~~~~~~~~~~~~~~~~
</code></pre>

<p>1 error generated.
_configtest.c:5:28: error: &lsquo;test_array&rsquo; declared as an array with a negative size</p>

<pre><code>static int test_array [1 - 2 * !(((long) (sizeof (npy_check_sizeof_type))) &lt;= 0)];
                       ^~~~~~~~~~~~~~~~~~~~~~~~~~~~~~~~~~~~~~~~~~~~~~~~~~~~~~~~~
</code></pre>

<p>1 error generated.
_configtest.c:5:28: error: &lsquo;test_array&rsquo; declared as an array with a negative size</p>

<pre><code>static int test_array [1 - 2 * !(((long) (sizeof (npy_check_sizeof_type))) &lt;= 0)];
                       ^~~~~~~~~~~~~~~~~~~~~~~~~~~~~~~~~~~~~~~~~~~~~~~~~~~~~~~~~
</code></pre>

<p>1 error generated.
_configtest.c:5:28: error: &lsquo;test_array&rsquo; declared as an array with a negative size</p>

<pre><code>static int test_array [1 - 2 * !(((long) (sizeof (npy_check_sizeof_type))) &lt;= 1)];
                       ^~~~~~~~~~~~~~~~~~~~~~~~~~~~~~~~~~~~~~~~~~~~~~~~~~~~~~~~~
</code></pre>

<p>1 error generated.
_configtest.c:5:28: error: &lsquo;test_array&rsquo; declared as an array with a negative size</p>

<pre><code>static int test_array [1 - 2 * !(((long) (sizeof (npy_check_sizeof_type))) &lt;= 1)];
                       ^~~~~~~~~~~~~~~~~~~~~~~~~~~~~~~~~~~~~~~~~~~~~~~~~~~~~~~~~
</code></pre>

<p>1 error generated.
_configtest.c:5:28: error: &lsquo;test_array&rsquo; declared as an array with a negative size</p>

<pre><code>static int test_array [1 - 2 * !(((long) (sizeof (npy_check_sizeof_type))) &lt;= 3)];
                       ^~~~~~~~~~~~~~~~~~~~~~~~~~~~~~~~~~~~~~~~~~~~~~~~~~~~~~~~~
</code></pre>

<p>1 error generated.
_configtest.c:5:28: error: &lsquo;test_array&rsquo; declared as an array with a negative size</p>

<pre><code>static int test_array [1 - 2 * !(((long) (sizeof (npy_check_sizeof_type))) &lt;= 3)];
                       ^~~~~~~~~~~~~~~~~~~~~~~~~~~~~~~~~~~~~~~~~~~~~~~~~~~~~~~~~
</code></pre>

<p>1 error generated.
_configtest.c:5:28: error: &lsquo;test_array&rsquo; declared as an array with a negative size</p>

<pre><code>static int test_array [1 - 2 * !(((long) (sizeof (npy_check_sizeof_type))) &lt;= 7)];
                       ^~~~~~~~~~~~~~~~~~~~~~~~~~~~~~~~~~~~~~~~~~~~~~~~~~~~~~~~~
</code></pre>

<p>1 error generated.
_configtest.c:5:28: error: &lsquo;test_array&rsquo; declared as an array with a negative size</p>

<pre><code>static int test_array [1 - 2 * !(((long) (sizeof (npy_check_sizeof_type))) &lt;= 7)];
                       ^~~~~~~~~~~~~~~~~~~~~~~~~~~~~~~~~~~~~~~~~~~~~~~~~~~~~~~~~
</code></pre>

<p>1 error generated.
_configtest.c:5:28: error: &lsquo;test_array&rsquo; declared as an array with a negative size</p>

<pre><code>static int test_array [1 - 2 * !(((long) (sizeof (npy_check_sizeof_type))) &lt;= 15)];
                       ^~~~~~~~~~~~~~~~~~~~~~~~~~~~~~~~~~~~~~~~~~~~~~~~~~~~~~~~~~
</code></pre>

<p>1 error generated.
_configtest.c:5:28: error: &lsquo;test_array&rsquo; declared as an array with a negative size</p>

<pre><code>static int test_array [1 - 2 * !(((long) (sizeof (npy_check_sizeof_type))) &lt;= 15)];
                       ^~~~~~~~~~~~~~~~~~~~~~~~~~~~~~~~~~~~~~~~~~~~~~~~~~~~~~~~~~
</code></pre>

<p>1 error generated.
_configtest.c:7:12: error: use of undeclared identifier &lsquo;SIZEOF_LONGDOUBLE&rsquo;</p>

<pre><code>(void) SIZEOF_LONGDOUBLE;
       ^
</code></pre>

<p>1 error generated.
_configtest.c:7:12: error: use of undeclared identifier &lsquo;SIZEOF_LONGDOUBLE&rsquo;</p>

<pre><code>(void) SIZEOF_LONGDOUBLE;
       ^
</code></pre>

<p>1 error generated.
_configtest.c:5:28: error: &lsquo;test_array&rsquo; declared as an array with a negative size</p>

<pre><code>static int test_array [1 - 2 * !(((long) (sizeof (npy_check_sizeof_type))) == 8)];
                       ^~~~~~~~~~~~~~~~~~~~~~~~~~~~~~~~~~~~~~~~~~~~~~~~~~~~~~~~~
</code></pre>

<p>1 error generated.
_configtest.c:5:28: error: &lsquo;test_array&rsquo; declared as an array with a negative size</p>

<pre><code>static int test_array [1 - 2 * !(((long) (sizeof (npy_check_sizeof_type))) == 8)];
                       ^~~~~~~~~~~~~~~~~~~~~~~~~~~~~~~~~~~~~~~~~~~~~~~~~~~~~~~~~
</code></pre>

<p>1 error generated.
_configtest.c:5:28: error: &lsquo;test_array&rsquo; declared as an array with a negative size</p>

<pre><code>static int test_array [1 - 2 * !(((long) (sizeof (npy_check_sizeof_type))) == 12)];
                       ^~~~~~~~~~~~~~~~~~~~~~~~~~~~~~~~~~~~~~~~~~~~~~~~~~~~~~~~~~
</code></pre>

<p>1 error generated.
_configtest.c:5:28: error: &lsquo;test_array&rsquo; declared as an array with a negative size</p>

<pre><code>static int test_array [1 - 2 * !(((long) (sizeof (npy_check_sizeof_type))) == 12)];
                       ^~~~~~~~~~~~~~~~~~~~~~~~~~~~~~~~~~~~~~~~~~~~~~~~~~~~~~~~~~
</code></pre>

<p>1 error generated.
_configtest.c:5:28: error: &lsquo;test_array&rsquo; declared as an array with a negative size</p>

<pre><code>static int test_array [1 - 2 * !(((long) (sizeof (npy_check_sizeof_type))) == 8)];
                       ^~~~~~~~~~~~~~~~~~~~~~~~~~~~~~~~~~~~~~~~~~~~~~~~~~~~~~~~~
</code></pre>

<p>1 error generated.
_configtest.c:5:28: error: &lsquo;test_array&rsquo; declared as an array with a negative size</p>

<pre><code>static int test_array [1 - 2 * !(((long) (sizeof (npy_check_sizeof_type))) == 8)];
                       ^~~~~~~~~~~~~~~~~~~~~~~~~~~~~~~~~~~~~~~~~~~~~~~~~~~~~~~~~
</code></pre>

<p>1 error generated.
_configtest.c:5:28: error: &lsquo;test_array&rsquo; declared as an array with a negative size</p>

<pre><code>static int test_array [1 - 2 * !(((long) (sizeof (npy_check_sizeof_type))) == 12)];
                       ^~~~~~~~~~~~~~~~~~~~~~~~~~~~~~~~~~~~~~~~~~~~~~~~~~~~~~~~~~
</code></pre>

<p>1 error generated.
_configtest.c:5:28: error: &lsquo;test_array&rsquo; declared as an array with a negative size</p>

<pre><code>static int test_array [1 - 2 * !(((long) (sizeof (npy_check_sizeof_type))) == 12)];
                       ^~~~~~~~~~~~~~~~~~~~~~~~~~~~~~~~~~~~~~~~~~~~~~~~~~~~~~~~~~
</code></pre>

<p>1 error generated.
_configtest.c:5:28: error: &lsquo;test_array&rsquo; declared as an array with a negative size</p>

<pre><code>static int test_array [1 - 2 * !(((long) (sizeof (npy_check_sizeof_type))) == 16)];
                       ^~~~~~~~~~~~~~~~~~~~~~~~~~~~~~~~~~~~~~~~~~~~~~~~~~~~~~~~~~
</code></pre>

<p>1 error generated.
_configtest.c:5:28: error: &lsquo;test_array&rsquo; declared as an array with a negative size</p>

<pre><code>static int test_array [1 - 2 * !(((long) (sizeof (npy_check_sizeof_type))) == 16)];
                       ^~~~~~~~~~~~~~~~~~~~~~~~~~~~~~~~~~~~~~~~~~~~~~~~~~~~~~~~~~
</code></pre>

<p>1 error generated.
_configtest.c:5:28: error: &lsquo;test_array&rsquo; declared as an array with a negative size</p>

<pre><code>static int test_array [1 - 2 * !(((long) (sizeof (npy_check_sizeof_type))) == 8)];
                       ^~~~~~~~~~~~~~~~~~~~~~~~~~~~~~~~~~~~~~~~~~~~~~~~~~~~~~~~~
</code></pre>

<p>1 error generated.
_configtest.c:5:28: error: &lsquo;test_array&rsquo; declared as an array with a negative size</p>

<pre><code>static int test_array [1 - 2 * !(((long) (sizeof (npy_check_sizeof_type))) == 8)];
                       ^~~~~~~~~~~~~~~~~~~~~~~~~~~~~~~~~~~~~~~~~~~~~~~~~~~~~~~~~
</code></pre>

<p>1 error generated.
_configtest.c:5:28: error: &lsquo;test_array&rsquo; declared as an array with a negative size</p>

<pre><code>static int test_array [1 - 2 * !(((long) (sizeof (npy_check_sizeof_type))) == 12)];
                       ^~~~~~~~~~~~~~~~~~~~~~~~~~~~~~~~~~~~~~~~~~~~~~~~~~~~~~~~~~
</code></pre>

<p>1 error generated.
_configtest.c:5:28: error: &lsquo;test_array&rsquo; declared as an array with a negative size</p>

<pre><code>static int test_array [1 - 2 * !(((long) (sizeof (npy_check_sizeof_type))) == 12)];
                       ^~~~~~~~~~~~~~~~~~~~~~~~~~~~~~~~~~~~~~~~~~~~~~~~~~~~~~~~~~
</code></pre>

<p>1 error generated.
_configtest.c:5:28: error: &lsquo;test_array&rsquo; declared as an array with a negative size</p>

<pre><code>static int test_array [1 - 2 * !(((long) (sizeof (npy_check_sizeof_type))) == 16)];
                       ^~~~~~~~~~~~~~~~~~~~~~~~~~~~~~~~~~~~~~~~~~~~~~~~~~~~~~~~~~
</code></pre>

<p>1 error generated.
_configtest.c:5:28: error: &lsquo;test_array&rsquo; declared as an array with a negative size</p>

<pre><code>static int test_array [1 - 2 * !(((long) (sizeof (npy_check_sizeof_type))) == 16)];
                       ^~~~~~~~~~~~~~~~~~~~~~~~~~~~~~~~~~~~~~~~~~~~~~~~~~~~~~~~~~
</code></pre>

<p>1 error generated.
_configtest.c:5:28: error: &lsquo;test_array&rsquo; declared as an array with a negative size</p>

<pre><code>static int test_array [1 - 2 * !(((long) (sizeof (npy_check_sizeof_type))) &lt;= 0)];
                       ^~~~~~~~~~~~~~~~~~~~~~~~~~~~~~~~~~~~~~~~~~~~~~~~~~~~~~~~~
</code></pre>

<p>1 error generated.
_configtest.c:5:28: error: &lsquo;test_array&rsquo; declared as an array with a negative size</p>

<pre><code>static int test_array [1 - 2 * !(((long) (sizeof (npy_check_sizeof_type))) &lt;= 0)];
                       ^~~~~~~~~~~~~~~~~~~~~~~~~~~~~~~~~~~~~~~~~~~~~~~~~~~~~~~~~
</code></pre>

<p>1 error generated.
_configtest.c:5:28: error: &lsquo;test_array&rsquo; declared as an array with a negative size</p>

<pre><code>static int test_array [1 - 2 * !(((long) (sizeof (npy_check_sizeof_type))) &lt;= 1)];
                       ^~~~~~~~~~~~~~~~~~~~~~~~~~~~~~~~~~~~~~~~~~~~~~~~~~~~~~~~~
</code></pre>

<p>1 error generated.
_configtest.c:5:28: error: &lsquo;test_array&rsquo; declared as an array with a negative size</p>

<pre><code>static int test_array [1 - 2 * !(((long) (sizeof (npy_check_sizeof_type))) &lt;= 1)];
                       ^~~~~~~~~~~~~~~~~~~~~~~~~~~~~~~~~~~~~~~~~~~~~~~~~~~~~~~~~
</code></pre>

<p>1 error generated.
_configtest.c:5:28: error: &lsquo;test_array&rsquo; declared as an array with a negative size</p>

<pre><code>static int test_array [1 - 2 * !(((long) (sizeof (npy_check_sizeof_type))) &lt;= 3)];
                       ^~~~~~~~~~~~~~~~~~~~~~~~~~~~~~~~~~~~~~~~~~~~~~~~~~~~~~~~~
</code></pre>

<p>1 error generated.
_configtest.c:5:28: error: &lsquo;test_array&rsquo; declared as an array with a negative size</p>

<pre><code>static int test_array [1 - 2 * !(((long) (sizeof (npy_check_sizeof_type))) &lt;= 3)];
                       ^~~~~~~~~~~~~~~~~~~~~~~~~~~~~~~~~~~~~~~~~~~~~~~~~~~~~~~~~
</code></pre>

<p>1 error generated.
_configtest.c:5:28: error: &lsquo;test_array&rsquo; declared as an array with a negative size</p>

<pre><code>static int test_array [1 - 2 * !(((long) (sizeof (npy_check_sizeof_type))) &lt;= 7)];
                       ^~~~~~~~~~~~~~~~~~~~~~~~~~~~~~~~~~~~~~~~~~~~~~~~~~~~~~~~~
</code></pre>

<p>1 error generated.
_configtest.c:5:28: error: &lsquo;test_array&rsquo; declared as an array with a negative size</p>

<pre><code>static int test_array [1 - 2 * !(((long) (sizeof (npy_check_sizeof_type))) &lt;= 7)];
                       ^~~~~~~~~~~~~~~~~~~~~~~~~~~~~~~~~~~~~~~~~~~~~~~~~~~~~~~~~
</code></pre>

<p>1 error generated.
_configtest.c:5:28: error: &lsquo;test_array&rsquo; declared as an array with a negative size</p>

<pre><code>static int test_array [1 - 2 * !(((long) (sizeof (npy_check_sizeof_type))) &lt;= 15)];
                       ^~~~~~~~~~~~~~~~~~~~~~~~~~~~~~~~~~~~~~~~~~~~~~~~~~~~~~~~~~
</code></pre>

<p>1 error generated.
_configtest.c:5:28: error: &lsquo;test_array&rsquo; declared as an array with a negative size</p>

<pre><code>static int test_array [1 - 2 * !(((long) (sizeof (npy_check_sizeof_type))) &lt;= 15)];
                       ^~~~~~~~~~~~~~~~~~~~~~~~~~~~~~~~~~~~~~~~~~~~~~~~~~~~~~~~~~
</code></pre>

<p>1 error generated.
_configtest.c:5:28: error: &lsquo;test_array&rsquo; declared as an array with a negative size</p>

<pre><code>static int test_array [1 - 2 * !(((long) (sizeof (npy_check_sizeof_type))) &lt;= 31)];
                       ^~~~~~~~~~~~~~~~~~~~~~~~~~~~~~~~~~~~~~~~~~~~~~~~~~~~~~~~~~
</code></pre>

<p>1 error generated.
_configtest.c:5:28: error: &lsquo;test_array&rsquo; declared as an array with a negative size</p>

<pre><code>static int test_array [1 - 2 * !(((long) (sizeof (npy_check_sizeof_type))) &lt;= 31)];
                       ^~~~~~~~~~~~~~~~~~~~~~~~~~~~~~~~~~~~~~~~~~~~~~~~~~~~~~~~~~
</code></pre>

<p>1 error generated.
_configtest.c:7:28: error: &lsquo;test_array&rsquo; declared as an array with a negative size</p>

<pre><code>static int test_array [1 - 2 * !(((long) (sizeof (npy_check_sizeof_type))) == 4)];
                       ^~~~~~~~~~~~~~~~~~~~~~~~~~~~~~~~~~~~~~~~~~~~~~~~~~~~~~~~~
</code></pre>

<p>1 error generated.
_configtest.c:7:28: error: &lsquo;test_array&rsquo; declared as an array with a negative size</p>

<pre><code>static int test_array [1 - 2 * !(((long) (sizeof (npy_check_sizeof_type))) == 4)];
                       ^~~~~~~~~~~~~~~~~~~~~~~~~~~~~~~~~~~~~~~~~~~~~~~~~~~~~~~~~
</code></pre>

<p>1 error generated.
_configtest.c:1:5: warning: incompatible redeclaration of library function &lsquo;exp&rsquo; [-Wincompatible-library-redeclaration]
int exp (void);</p>

<pre><code>^
</code></pre>

<p><em>configtest.c:1:5: note: &lsquo;exp&rsquo; is a builtin with type &lsquo;double (double)&rsquo;
1 warning generated.
</em>configtest.c:1:5: warning: incompatible redeclaration of library function &lsquo;asin&rsquo; [-Wincompatible-library-redeclaration]
int asin (void);</p>

<pre><code>^
</code></pre>

<p><em>configtest.c:1:5: note: &lsquo;asin&rsquo; is a builtin with type &lsquo;double (double)&rsquo;
</em>configtest.c:2:5: warning: incompatible redeclaration of library function &lsquo;cos&rsquo; [-Wincompatible-library-redeclaration]
int cos (void);</p>

<pre><code>^
</code></pre>

<p><em>configtest.c:2:5: note: &lsquo;cos&rsquo; is a builtin with type &lsquo;double (double)&rsquo;
</em>configtest.c:3:5: warning: incompatible redeclaration of library function &lsquo;log&rsquo; [-Wincompatible-library-redeclaration]
int log (void);</p>

<pre><code>^
</code></pre>

<p><em>configtest.c:3:5: note: &lsquo;log&rsquo; is a builtin with type &lsquo;double (double)&rsquo;
</em>configtest.c:4:5: warning: incompatible redeclaration of library function &lsquo;fabs&rsquo; [-Wincompatible-library-redeclaration]
int fabs (void);</p>

<pre><code>^
</code></pre>

<p><em>configtest.c:4:5: note: &lsquo;fabs&rsquo; is a builtin with type &lsquo;double (double)&rsquo;
</em>configtest.c:6:5: warning: incompatible redeclaration of library function &lsquo;atan&rsquo; [-Wincompatible-library-redeclaration]
int atan (void);</p>

<pre><code>^
</code></pre>

<p><em>configtest.c:6:5: note: &lsquo;atan&rsquo; is a builtin with type &lsquo;double (double)&rsquo;
</em>configtest.c:7:5: warning: incompatible redeclaration of library function &lsquo;acos&rsquo; [-Wincompatible-library-redeclaration]
int acos (void);</p>

<pre><code>^
</code></pre>

<p><em>configtest.c:7:5: note: &lsquo;acos&rsquo; is a builtin with type &lsquo;double (double)&rsquo;
</em>configtest.c:8:5: warning: incompatible redeclaration of library function &lsquo;floor&rsquo; [-Wincompatible-library-redeclaration]
int floor (void);</p>

<pre><code>^
</code></pre>

<p><em>configtest.c:8:5: note: &lsquo;floor&rsquo; is a builtin with type &lsquo;double (double)&rsquo;
</em>configtest.c:10:5: warning: incompatible redeclaration of library function &lsquo;sqrt&rsquo; [-Wincompatible-library-redeclaration]
int sqrt (void);</p>

<pre><code>^
</code></pre>

<p><em>configtest.c:10:5: note: &lsquo;sqrt&rsquo; is a builtin with type &lsquo;double (double)&rsquo;
</em>configtest.c:15:5: warning: incompatible redeclaration of library function &lsquo;exp&rsquo; [-Wincompatible-library-redeclaration]
int exp (void);</p>

<pre><code>^
</code></pre>

<p><em>configtest.c:15:5: note: &lsquo;exp&rsquo; is a builtin with type &lsquo;double (double)&rsquo;
</em>configtest.c:16:5: warning: incompatible redeclaration of library function &lsquo;tan&rsquo; [-Wincompatible-library-redeclaration]
int tan (void);</p>

<pre><code>^
</code></pre>

<p><em>configtest.c:16:5: note: &lsquo;tan&rsquo; is a builtin with type &lsquo;double (double)&rsquo;
</em>configtest.c:17:5: warning: incompatible redeclaration of library function &lsquo;ceil&rsquo; [-Wincompatible-library-redeclaration]
int ceil (void);</p>

<pre><code>^
</code></pre>

<p><em>configtest.c:17:5: note: &lsquo;ceil&rsquo; is a builtin with type &lsquo;double (double)&rsquo;
</em>configtest.c:19:5: warning: incompatible redeclaration of library function &lsquo;sin&rsquo; [-Wincompatible-library-redeclaration]
int sin (void);</p>

<pre><code>^
</code></pre>

<p><em>configtest.c:19:5: note: &lsquo;sin&rsquo; is a builtin with type &lsquo;double (double)&rsquo;
12 warnings generated.
</em>configtest.c:1:5: warning: incompatible redeclaration of library function &lsquo;log2&rsquo; [-Wincompatible-library-redeclaration]
int log2 (void);</p>

<pre><code>^
</code></pre>

<p><em>configtest.c:1:5: note: &lsquo;log2&rsquo; is a builtin with type &lsquo;double (double)&rsquo;
</em>configtest.c:2:5: warning: incompatible redeclaration of library function &lsquo;pow&rsquo; [-Wincompatible-library-redeclaration]
int pow (void);</p>

<pre><code>^
</code></pre>

<p><em>configtest.c:2:5: note: &lsquo;pow&rsquo; is a builtin with type &lsquo;double (double, double)&rsquo;
</em>configtest.c:3:5: warning: incompatible redeclaration of library function &lsquo;exp2&rsquo; [-Wincompatible-library-redeclaration]
int exp2 (void);</p>

<pre><code>^
</code></pre>

<p><em>configtest.c:3:5: note: &lsquo;exp2&rsquo; is a builtin with type &lsquo;double (double)&rsquo;
</em>configtest.c:4:5: warning: incompatible redeclaration of library function &lsquo;atan2&rsquo; [-Wincompatible-library-redeclaration]
int atan2 (void);</p>

<pre><code>^
</code></pre>

<p><em>configtest.c:4:5: note: &lsquo;atan2&rsquo; is a builtin with type &lsquo;double (double, double)&rsquo;
</em>configtest.c:5:5: warning: incompatible redeclaration of library function &lsquo;rint&rsquo; [-Wincompatible-library-redeclaration]
int rint (void);</p>

<pre><code>^
</code></pre>

<p><em>configtest.c:5:5: note: &lsquo;rint&rsquo; is a builtin with type &lsquo;double (double)&rsquo;
</em>configtest.c:7:5: warning: incompatible redeclaration of library function &lsquo;trunc&rsquo; [-Wincompatible-library-redeclaration]
int trunc (void);</p>

<pre><code>^
</code></pre>

<p><em>configtest.c:7:5: note: &lsquo;trunc&rsquo; is a builtin with type &lsquo;double (double)&rsquo;
6 warnings generated.
</em>configtest.c:5:3: warning: ignoring return value of function declared with const attribute [-Wunused-value]
  <strong>builtin_isnan(5.);
  ^<del> ~~
1 warning generated.
_configtest.c:5:3: warning: ignoring return value of function declared with const attribute [-Wunused-value]
  __builtin_isinf(5.);
  ^</del> <del>
1 warning generated.
_configtest.c:5:3: warning: ignoring return value of function declared with const attribute [-Wunused-value]
  __builtin_isfinite(5.);
  ^~~~~~~~~~~~~~~~~~ </del>
1 warning generated.
_configtest.c:5:3: warning: ignoring return value of function declared with const attribute [-Wunused-value]
  </strong>builtin_bswap32(5u);
  ^<del> ~~
1 warning generated.
_configtest.c:5:3: warning: ignoring return value of function declared with const attribute [-Wunused-value]
  __builtin_bswap64(5u);
  ^</del> ~~
1 warning generated.
<em>configtest.c:5:3: warning: ignoring return value of function declared with const attribute [-Wunused-value]
  __builtin_expect(5, 0);
  ^<del>~~~~~~~~~~~ </del>
1 warning generated.
</em>configtest.c:1:20: warning: unknown attribute &lsquo;optimize&rsquo; ignored [-Wattributes]
int <strong>attribute</strong>((optimize(&ldquo;unroll-loops&rdquo;))) attribute_optimize_unroll_loops (void);</p>

<pre><code>               ^
</code></pre>

<p><em>configtest.c:6:3: warning: expression result unused [-Wunused-value]
  attribute_optimize_unroll_loops;
  ^~~~~~~~~~~~~~~~~~~~~~~~~~~~~~~
2 warnings generated.
</em>configtest.c:1:5: warning: incompatible redeclaration of library function &lsquo;cosf&rsquo; [-Wincompatible-library-redeclaration]
int cosf (void);</p>

<pre><code>^
</code></pre>

<p><em>configtest.c:1:5: note: &lsquo;cosf&rsquo; is a builtin with type &lsquo;float (float)&rsquo;
</em>configtest.c:3:5: warning: incompatible redeclaration of library function &lsquo;rintf&rsquo; [-Wincompatible-library-redeclaration]
int rintf (void);</p>

<pre><code>^
</code></pre>

<p><em>configtest.c:3:5: note: &lsquo;rintf&rsquo; is a builtin with type &lsquo;float (float)&rsquo;
</em>configtest.c:4:5: warning: incompatible redeclaration of library function &lsquo;fabsf&rsquo; [-Wincompatible-library-redeclaration]
int fabsf (void);</p>

<pre><code>^
</code></pre>

<p><em>configtest.c:4:5: note: &lsquo;fabsf&rsquo; is a builtin with type &lsquo;float (float)&rsquo;
</em>configtest.c:5:5: warning: incompatible redeclaration of library function &lsquo;floorf&rsquo; [-Wincompatible-library-redeclaration]
int floorf (void);</p>

<pre><code>^
</code></pre>

<p><em>configtest.c:5:5: note: &lsquo;floorf&rsquo; is a builtin with type &lsquo;float (float)&rsquo;
</em>configtest.c:9:5: warning: incompatible redeclaration of library function &lsquo;logf&rsquo; [-Wincompatible-library-redeclaration]
int logf (void);</p>

<pre><code>^
</code></pre>

<p><em>configtest.c:9:5: note: &lsquo;logf&rsquo; is a builtin with type &lsquo;float (float)&rsquo;
</em>configtest.c:11:5: warning: incompatible redeclaration of library function &lsquo;acosf&rsquo; [-Wincompatible-library-redeclaration]
int acosf (void);</p>

<pre><code>^
</code></pre>

<p><em>configtest.c:11:5: note: &lsquo;acosf&rsquo; is a builtin with type &lsquo;float (float)&rsquo;
</em>configtest.c:12:5: warning: incompatible redeclaration of library function &lsquo;sqrtf&rsquo; [-Wincompatible-library-redeclaration]
int sqrtf (void);</p>

<pre><code>^
</code></pre>

<p><em>configtest.c:12:5: note: &lsquo;sqrtf&rsquo; is a builtin with type &lsquo;float (float)&rsquo;
</em>configtest.c:15:5: warning: incompatible redeclaration of library function &lsquo;log2f&rsquo; [-Wincompatible-library-redeclaration]
int log2f (void);</p>

<pre><code>^
</code></pre>

<p><em>configtest.c:15:5: note: &lsquo;log2f&rsquo; is a builtin with type &lsquo;float (float)&rsquo;
</em>configtest.c:16:5: warning: incompatible redeclaration of library function &lsquo;exp2f&rsquo; [-Wincompatible-library-redeclaration]
int exp2f (void);</p>

<pre><code>^
</code></pre>

<p><em>configtest.c:16:5: note: &lsquo;exp2f&rsquo; is a builtin with type &lsquo;float (float)&rsquo;
</em>configtest.c:17:5: warning: incompatible redeclaration of library function &lsquo;atanf&rsquo; [-Wincompatible-library-redeclaration]
int atanf (void);</p>

<pre><code>^
</code></pre>

<p><em>configtest.c:17:5: note: &lsquo;atanf&rsquo; is a builtin with type &lsquo;float (float)&rsquo;
</em>configtest.c:19:5: warning: incompatible redeclaration of library function &lsquo;atan2f&rsquo; [-Wincompatible-library-redeclaration]
int atan2f (void);</p>

<pre><code>^
</code></pre>

<p><em>configtest.c:19:5: note: &lsquo;atan2f&rsquo; is a builtin with type &lsquo;float (float, float)&rsquo;
</em>configtest.c:21:5: warning: incompatible redeclaration of library function &lsquo;ceilf&rsquo; [-Wincompatible-library-redeclaration]
int ceilf (void);</p>

<pre><code>^
</code></pre>

<p><em>configtest.c:21:5: note: &lsquo;ceilf&rsquo; is a builtin with type &lsquo;float (float)&rsquo;
</em>configtest.c:23:5: warning: incompatible redeclaration of library function &lsquo;asinf&rsquo; [-Wincompatible-library-redeclaration]
int asinf (void);</p>

<pre><code>^
</code></pre>

<p><em>configtest.c:23:5: note: &lsquo;asinf&rsquo; is a builtin with type &lsquo;float (float)&rsquo;
</em>configtest.c:24:5: warning: incompatible redeclaration of library function &lsquo;copysignf&rsquo; [-Wincompatible-library-redeclaration]
int copysignf (void);</p>

<pre><code>^
</code></pre>

<p><em>configtest.c:24:5: note: &lsquo;copysignf&rsquo; is a builtin with type &lsquo;float (float, float)&rsquo;
</em>configtest.c:26:5: warning: incompatible redeclaration of library function &lsquo;sinf&rsquo; [-Wincompatible-library-redeclaration]
int sinf (void);</p>

<pre><code>^
</code></pre>

<p><em>configtest.c:26:5: note: &lsquo;sinf&rsquo; is a builtin with type &lsquo;float (float)&rsquo;
</em>configtest.c:27:5: warning: incompatible redeclaration of library function &lsquo;tanf&rsquo; [-Wincompatible-library-redeclaration]
int tanf (void);</p>

<pre><code>^
</code></pre>

<p><em>configtest.c:27:5: note: &lsquo;tanf&rsquo; is a builtin with type &lsquo;float (float)&rsquo;
</em>configtest.c:29:5: warning: incompatible redeclaration of library function &lsquo;truncf&rsquo; [-Wincompatible-library-redeclaration]
int truncf (void);</p>

<pre><code>^
</code></pre>

<p><em>configtest.c:29:5: note: &lsquo;truncf&rsquo; is a builtin with type &lsquo;float (float)&rsquo;
</em>configtest.c:32:5: warning: incompatible redeclaration of library function &lsquo;powf&rsquo; [-Wincompatible-library-redeclaration]
int powf (void);</p>

<pre><code>^
</code></pre>

<p><em>configtest.c:32:5: note: &lsquo;powf&rsquo; is a builtin with type &lsquo;float (float, float)&rsquo;
</em>configtest.c:33:5: warning: incompatible redeclaration of library function &lsquo;expf&rsquo; [-Wincompatible-library-redeclaration]
int expf (void);</p>

<pre><code>^
</code></pre>

<p><em>configtest.c:33:5: note: &lsquo;expf&rsquo; is a builtin with type &lsquo;float (float)&rsquo;
19 warnings generated.
</em>configtest.c:5:5: warning: incompatible redeclaration of library function &lsquo;cosl&rsquo; [-Wincompatible-library-redeclaration]
int cosl (void);</p>

<pre><code>^
</code></pre>

<p><em>configtest.c:5:5: note: &lsquo;cosl&rsquo; is a builtin with type &lsquo;long double (long double)&rsquo;
</em>configtest.c:6:5: warning: incompatible redeclaration of library function &lsquo;floorl&rsquo; [-Wincompatible-library-redeclaration]
int floorl (void);</p>

<pre><code>^
</code></pre>

<p><em>configtest.c:6:5: note: &lsquo;floorl&rsquo; is a builtin with type &lsquo;long double (long double)&rsquo;
</em>configtest.c:7:5: warning: incompatible redeclaration of library function &lsquo;rintl&rsquo; [-Wincompatible-library-redeclaration]
int rintl (void);</p>

<pre><code>^
</code></pre>

<p><em>configtest.c:7:5: note: &lsquo;rintl&rsquo; is a builtin with type &lsquo;long double (long double)&rsquo;
</em>configtest.c:8:5: warning: incompatible redeclaration of library function &lsquo;fabsl&rsquo; [-Wincompatible-library-redeclaration]
int fabsl (void);</p>

<pre><code>^
</code></pre>

<p><em>configtest.c:8:5: note: &lsquo;fabsl&rsquo; is a builtin with type &lsquo;long double (long double)&rsquo;
</em>configtest.c:9:5: warning: incompatible redeclaration of library function &lsquo;acosl&rsquo; [-Wincompatible-library-redeclaration]
int acosl (void);</p>

<pre><code>^
</code></pre>

<p><em>configtest.c:9:5: note: &lsquo;acosl&rsquo; is a builtin with type &lsquo;long double (long double)&rsquo;
</em>configtest.c:11:5: warning: incompatible redeclaration of library function &lsquo;sqrtl&rsquo; [-Wincompatible-library-redeclaration]
int sqrtl (void);</p>

<pre><code>^
</code></pre>

<p><em>configtest.c:11:5: note: &lsquo;sqrtl&rsquo; is a builtin with type &lsquo;long double (long double)&rsquo;
</em>configtest.c:12:5: warning: incompatible redeclaration of library function &lsquo;logl&rsquo; [-Wincompatible-library-redeclaration]
int logl (void);</p>

<pre><code>^
</code></pre>

<p><em>configtest.c:12:5: note: &lsquo;logl&rsquo; is a builtin with type &lsquo;long double (long double)&rsquo;
</em>configtest.c:15:5: warning: incompatible redeclaration of library function &lsquo;log2l&rsquo; [-Wincompatible-library-redeclaration]
int log2l (void);</p>

<pre><code>^
</code></pre>

<p><em>configtest.c:15:5: note: &lsquo;log2l&rsquo; is a builtin with type &lsquo;long double (long double)&rsquo;
</em>configtest.c:16:5: warning: incompatible redeclaration of library function &lsquo;copysignl&rsquo; [-Wincompatible-library-redeclaration]
int copysignl (void);</p>

<pre><code>^
</code></pre>

<p><em>configtest.c:16:5: note: &lsquo;copysignl&rsquo; is a builtin with type &lsquo;long double (long double, long double)&rsquo;
</em>configtest.c:17:5: warning: incompatible redeclaration of library function &lsquo;exp2l&rsquo; [-Wincompatible-library-redeclaration]
int exp2l (void);</p>

<pre><code>^
</code></pre>

<p><em>configtest.c:17:5: note: &lsquo;exp2l&rsquo; is a builtin with type &lsquo;long double (long double)&rsquo;
</em>configtest.c:18:5: warning: incompatible redeclaration of library function &lsquo;atanl&rsquo; [-Wincompatible-library-redeclaration]
int atanl (void);</p>

<pre><code>^
</code></pre>

<p><em>configtest.c:18:5: note: &lsquo;atanl&rsquo; is a builtin with type &lsquo;long double (long double)&rsquo;
</em>configtest.c:20:5: warning: incompatible redeclaration of library function &lsquo;atan2l&rsquo; [-Wincompatible-library-redeclaration]
int atan2l (void);</p>

<pre><code>^
</code></pre>

<p><em>configtest.c:20:5: note: &lsquo;atan2l&rsquo; is a builtin with type &lsquo;long double (long double, long double)&rsquo;
</em>configtest.c:24:5: warning: incompatible redeclaration of library function &lsquo;asinl&rsquo; [-Wincompatible-library-redeclaration]
int asinl (void);</p>

<pre><code>^
</code></pre>

<p><em>configtest.c:24:5: note: &lsquo;asinl&rsquo; is a builtin with type &lsquo;long double (long double)&rsquo;
</em>configtest.c:25:5: warning: incompatible redeclaration of library function &lsquo;ceill&rsquo; [-Wincompatible-library-redeclaration]
int ceill (void);</p>

<pre><code>^
</code></pre>

<p><em>configtest.c:25:5: note: &lsquo;ceill&rsquo; is a builtin with type &lsquo;long double (long double)&rsquo;
</em>configtest.c:26:5: warning: incompatible redeclaration of library function &lsquo;sinl&rsquo; [-Wincompatible-library-redeclaration]
int sinl (void);</p>

<pre><code>^
</code></pre>

<p><em>configtest.c:26:5: note: &lsquo;sinl&rsquo; is a builtin with type &lsquo;long double (long double)&rsquo;
</em>configtest.c:29:5: warning: incompatible redeclaration of library function &lsquo;tanl&rsquo; [-Wincompatible-library-redeclaration]
int tanl (void);</p>

<pre><code>^
</code></pre>

<p><em>configtest.c:29:5: note: &lsquo;tanl&rsquo; is a builtin with type &lsquo;long double (long double)&rsquo;
</em>configtest.c:30:5: warning: incompatible redeclaration of library function &lsquo;truncl&rsquo; [-Wincompatible-library-redeclaration]
int truncl (void);</p>

<pre><code>^
</code></pre>

<p><em>configtest.c:30:5: note: &lsquo;truncl&rsquo; is a builtin with type &lsquo;long double (long double)&rsquo;
</em>configtest.c:31:5: warning: incompatible redeclaration of library function &lsquo;powl&rsquo; [-Wincompatible-library-redeclaration]
int powl (void);</p>

<pre><code>^
</code></pre>

<p><em>configtest.c:31:5: note: &lsquo;powl&rsquo; is a builtin with type &lsquo;long double (long double, long double)&rsquo;
</em>configtest.c:32:5: warning: incompatible redeclaration of library function &lsquo;expl&rsquo; [-Wincompatible-library-redeclaration]
int expl (void);</p>

<pre><code>^
</code></pre>

<p><em>configtest.c:32:5: note: &lsquo;expl&rsquo; is a builtin with type &lsquo;long double (long double)&rsquo;
19 warnings generated.
</em>configtest.c:8:12: error: use of undeclared identifier &lsquo;HAVE_DECL_SIGNBIT&rsquo;</p>

<pre><code>(void) HAVE_DECL_SIGNBIT;
       ^
</code></pre>

<p>1 error generated.
_configtest.c:8:12: error: use of undeclared identifier &lsquo;HAVE_DECL_SIGNBIT&rsquo;</p>

<pre><code>(void) HAVE_DECL_SIGNBIT;
       ^
</code></pre>

<p>1 error generated.
_configtest.c:4:5: warning: incompatible redeclaration of library function &lsquo;cimag&rsquo; [-Wincompatible-library-redeclaration]
int cimag (void);</p>

<pre><code>^
</code></pre>

<p><em>configtest.c:4:5: note: &lsquo;cimag&rsquo; is a builtin with type &lsquo;double (</em>Complex double)&rsquo;
_configtest.c:9:5: warning: incompatible redeclaration of library function &lsquo;creal&rsquo; [-Wincompatible-library-redeclaration]
int creal (void);</p>

<pre><code>^
</code></pre>

<p><em>configtest.c:9:5: note: &lsquo;creal&rsquo; is a builtin with type &lsquo;double (</em>Complex double)&rsquo;
2 warnings generated.
_configtest.c:6:5: warning: incompatible redeclaration of library function &lsquo;crealf&rsquo; [-Wincompatible-library-redeclaration]
int crealf (void);</p>

<pre><code>^
</code></pre>

<p><em>configtest.c:6:5: note: &lsquo;crealf&rsquo; is a builtin with type &lsquo;float (</em>Complex float)&rsquo;
_configtest.c:10:5: warning: incompatible redeclaration of library function &lsquo;cimagf&rsquo; [-Wincompatible-library-redeclaration]
int cimagf (void);</p>

<pre><code>^
</code></pre>

<p><em>configtest.c:10:5: note: &lsquo;cimagf&rsquo; is a builtin with type &lsquo;float (</em>Complex float)&rsquo;
2 warnings generated.
_configtest.c:6:5: warning: incompatible redeclaration of library function &lsquo;cimagl&rsquo; [-Wincompatible-library-redeclaration]
int cimagl (void);</p>

<pre><code>^
</code></pre>

<p><em>configtest.c:6:5: note: &lsquo;cimagl&rsquo; is a builtin with type &lsquo;long double (</em>Complex long double)&rsquo;
_configtest.c:8:5: warning: incompatible redeclaration of library function &lsquo;creall&rsquo; [-Wincompatible-library-redeclaration]
int creall (void);</p>

<pre><code>^
</code></pre>

<p><em>configtest.c:8:5: note: &lsquo;creall&rsquo; is a builtin with type &lsquo;long double (</em>Complex long double)&rsquo;
2 warnings generated.
_configtest.c:7:12: error: use of undeclared identifier &lsquo;Py_UNICODE_WIDE&rsquo;; did you mean &lsquo;Py_UNICODE&rsquo;?</p>

<pre><code>(void) Py_UNICODE_WIDE;
       ^
</code></pre>

<p>1 error generated.
_configtest.c:7:12: error: use of undeclared identifier &lsquo;Py_UNICODE_WIDE&rsquo;; did you mean &lsquo;Py_UNICODE&rsquo;?</p>

<pre><code>(void) Py_UNICODE_WIDE;
       ^
</code></pre>

<p>1 error generated.
File: build/src.macosx-10.9-x86_64-2.7/numpy/core/include/numpy/config.h</p>

<h1>define SIZEOF_PY_INTPTR_T 8</h1>

<h1>define SIZEOF_PY_LONG_LONG 8</h1>

<h1>define MATHLIB</h1>

<h1>define HAVE_SIN 1</h1>

<h1>define HAVE_COS 1</h1>

<h1>define HAVE_TAN 1</h1>

<h1>define HAVE_SINH 1</h1>

<h1>define HAVE_COSH 1</h1>

<h1>define HAVE_TANH 1</h1>

<h1>define HAVE_FABS 1</h1>

<h1>define HAVE_FLOOR 1</h1>

<h1>define HAVE_CEIL 1</h1>

<h1>define HAVE_SQRT 1</h1>

<h1>define HAVE_LOG10 1</h1>

<h1>define HAVE_LOG 1</h1>

<h1>define HAVE_EXP 1</h1>

<h1>define HAVE_ASIN 1</h1>

<h1>define HAVE_ACOS 1</h1>

<h1>define HAVE_ATAN 1</h1>

<h1>define HAVE_FMOD 1</h1>

<h1>define HAVE_MODF 1</h1>

<h1>define HAVE_FREXP 1</h1>

<h1>define HAVE_LDEXP 1</h1>

<h1>define HAVE_RINT 1</h1>

<h1>define HAVE_TRUNC 1</h1>

<h1>define HAVE_EXP2 1</h1>

<h1>define HAVE_LOG2 1</h1>

<h1>define HAVE_ATAN2 1</h1>

<h1>define HAVE_POW 1</h1>

<h1>define HAVE_NEXTAFTER 1</h1>

<h1>define HAVE_XMMINTRIN_H 1</h1>

<h1>define HAVE_EMMINTRIN_H 1</h1>

<h1>define HAVE___BUILTIN_ISNAN 1</h1>

<h1>define HAVE___BUILTIN_ISINF 1</h1>

<h1>define HAVE___BUILTIN_ISFINITE 1</h1>

<h1>define HAVE___BUILTIN_BSWAP32 1</h1>

<h1>define HAVE___BUILTIN_BSWAP64 1</h1>

<h1>define HAVE___BUILTIN_EXPECT 1</h1>

<h1>define HAVE__MM_LOAD_PS 1</h1>

<h1>define HAVE__MM_LOAD_PD 1</h1>

<h1>define HAVE_ATTRIBUTE_OPTIMIZE_UNROLL_LOOPS 1</h1>

<h1>define HAVE_SINF 1</h1>

<h1>define HAVE_COSF 1</h1>

<h1>define HAVE_TANF 1</h1>

<h1>define HAVE_SINHF 1</h1>

<h1>define HAVE_COSHF 1</h1>

<h1>define HAVE_TANHF 1</h1>

<h1>define HAVE_FABSF 1</h1>

<h1>define HAVE_FLOORF 1</h1>

<h1>define HAVE_CEILF 1</h1>

<h1>define HAVE_RINTF 1</h1>

<h1>define HAVE_TRUNCF 1</h1>

<h1>define HAVE_SQRTF 1</h1>

<h1>define HAVE_LOG10F 1</h1>

<h1>define HAVE_LOGF 1</h1>

<h1>define HAVE_LOG1PF 1</h1>

<h1>define HAVE_EXPF 1</h1>

<h1>define HAVE_EXPM1F 1</h1>

<h1>define HAVE_ASINF 1</h1>

<h1>define HAVE_ACOSF 1</h1>

<h1>define HAVE_ATANF 1</h1>

<h1>define HAVE_ASINHF 1</h1>

<h1>define HAVE_ACOSHF 1</h1>

<h1>define HAVE_ATANHF 1</h1>

<h1>define HAVE_HYPOTF 1</h1>

<h1>define HAVE_ATAN2F 1</h1>

<h1>define HAVE_POWF 1</h1>

<h1>define HAVE_FMODF 1</h1>

<h1>define HAVE_MODFF 1</h1>

<h1>define HAVE_FREXPF 1</h1>

<h1>define HAVE_LDEXPF 1</h1>

<h1>define HAVE_EXP2F 1</h1>

<h1>define HAVE_LOG2F 1</h1>

<h1>define HAVE_COPYSIGNF 1</h1>

<h1>define HAVE_NEXTAFTERF 1</h1>

<h1>define HAVE_SINL 1</h1>

<h1>define HAVE_COSL 1</h1>

<h1>define HAVE_TANL 1</h1>

<h1>define HAVE_SINHL 1</h1>

<h1>define HAVE_COSHL 1</h1>

<h1>define HAVE_TANHL 1</h1>

<h1>define HAVE_FABSL 1</h1>

<h1>define HAVE_FLOORL 1</h1>

<h1>define HAVE_CEILL 1</h1>

<h1>define HAVE_RINTL 1</h1>

<h1>define HAVE_TRUNCL 1</h1>

<h1>define HAVE_SQRTL 1</h1>

<h1>define HAVE_LOG10L 1</h1>

<h1>define HAVE_LOGL 1</h1>

<h1>define HAVE_LOG1PL 1</h1>

<h1>define HAVE_EXPL 1</h1>

<h1>define HAVE_EXPM1L 1</h1>

<h1>define HAVE_ASINL 1</h1>

<h1>define HAVE_ACOSL 1</h1>

<h1>define HAVE_ATANL 1</h1>

<h1>define HAVE_ASINHL 1</h1>

<h1>define HAVE_ACOSHL 1</h1>

<h1>define HAVE_ATANHL 1</h1>

<h1>define HAVE_HYPOTL 1</h1>

<h1>define HAVE_ATAN2L 1</h1>

<h1>define HAVE_POWL 1</h1>

<h1>define HAVE_FMODL 1</h1>

<h1>define HAVE_MODFL 1</h1>

<h1>define HAVE_FREXPL 1</h1>

<h1>define HAVE_LDEXPL 1</h1>

<h1>define HAVE_EXP2L 1</h1>

<h1>define HAVE_LOG2L 1</h1>

<h1>define HAVE_COPYSIGNL 1</h1>

<h1>define HAVE_NEXTAFTERL 1</h1>

<h1>define HAVE_DECL_SIGNBIT</h1>

<h1>define HAVE_COMPLEX_H 1</h1>

<h1>define HAVE_CREAL 1</h1>

<h1>define HAVE_CIMAG 1</h1>

<h1>define HAVE_CABS 1</h1>

<h1>define HAVE_CARG 1</h1>

<h1>define HAVE_CEXP 1</h1>

<h1>define HAVE_CSQRT 1</h1>

<h1>define HAVE_CLOG 1</h1>

<h1>define HAVE_CCOS 1</h1>

<h1>define HAVE_CSIN 1</h1>

<h1>define HAVE_CPOW 1</h1>

<h1>define HAVE_CREALF 1</h1>

<h1>define HAVE_CIMAGF 1</h1>

<h1>define HAVE_CABSF 1</h1>

<h1>define HAVE_CARGF 1</h1>

<h1>define HAVE_CEXPF 1</h1>

<h1>define HAVE_CSQRTF 1</h1>

<h1>define HAVE_CLOGF 1</h1>

<h1>define HAVE_CCOSF 1</h1>

<h1>define HAVE_CSINF 1</h1>

<h1>define HAVE_CPOWF 1</h1>

<h1>define HAVE_CREALL 1</h1>

<h1>define HAVE_CIMAGL 1</h1>

<h1>define HAVE_CABSL 1</h1>

<h1>define HAVE_CARGL 1</h1>

<h1>define HAVE_CEXPL 1</h1>

<h1>define HAVE_CSQRTL 1</h1>

<h1>define HAVE_CLOGL 1</h1>

<h1>define HAVE_CCOSL 1</h1>

<h1>define HAVE_CSINL 1</h1>

<h1>define HAVE_CPOWL 1</h1>

<h1>define ENABLE_SEPARATE_COMPILATION 1</h1>

<h1>ifndef __cplusplus</h1>

<p>/<em> #undef inline </em>/</p>

<h1>endif</h1>

<h1>ifndef <em>NPY_NPY_CONFIG_H</em></h1>

<h1>error config.h should never be included directly, include npy_config.h instead</h1>

<h1>endif</h1>

<p>EOF
_configtest.c:1:5: warning: incompatible redeclaration of library function &lsquo;exp&rsquo; [-Wincompatible-library-redeclaration]
int exp (void);</p>

<pre><code>^
</code></pre>

<p><em>configtest.c:1:5: note: &lsquo;exp&rsquo; is a builtin with type &lsquo;double (double)&rsquo;
1 warning generated.
</em>configtest.c:5:18: warning: extra tokens at end of #ifndef directive [-Wextra-tokens]</p>

<h1>ifndef <strong>GNUC</strong> &amp;&amp; (<strong>GNUC</strong> >= 4)</h1>

<pre><code>             ^
             //
</code></pre>

<p>1 warning generated.
File: build/src.macosx-10.9-x86_64-2.7/numpy/core/include/numpy/_numpyconfig.h</p>

<h1>define NPY_SIZEOF_SHORT SIZEOF_SHORT</h1>

<h1>define NPY_SIZEOF_INT SIZEOF_INT</h1>

<h1>define NPY_SIZEOF_LONG SIZEOF_LONG</h1>

<h1>define NPY_SIZEOF_FLOAT 4</h1>

<h1>define NPY_SIZEOF_COMPLEX_FLOAT 8</h1>

<h1>define NPY_SIZEOF_DOUBLE 8</h1>

<h1>define NPY_SIZEOF_COMPLEX_DOUBLE 16</h1>

<h1>define NPY_SIZEOF_LONGDOUBLE 16</h1>

<h1>define NPY_SIZEOF_COMPLEX_LONGDOUBLE 32</h1>

<h1>define NPY_SIZEOF_PY_INTPTR_T 8</h1>

<h1>define NPY_SIZEOF_PY_LONG_LONG 8</h1>

<h1>define NPY_SIZEOF_LONGLONG 8</h1>

<h1>define NPY_NO_SMP 0</h1>

<h1>define NPY_HAVE_DECL_ISNAN</h1>

<h1>define NPY_HAVE_DECL_ISINF</h1>

<h1>define NPY_HAVE_DECL_ISFINITE</h1>

<h1>define NPY_HAVE_DECL_SIGNBIT</h1>

<h1>define NPY_USE_C99_COMPLEX 1</h1>

<h1>define NPY_HAVE_COMPLEX_DOUBLE 1</h1>

<h1>define NPY_HAVE_COMPLEX_FLOAT 1</h1>

<h1>define NPY_HAVE_COMPLEX_LONG_DOUBLE 1</h1>

<h1>define NPY_ENABLE_SEPARATE_COMPILATION 1</h1>

<h1>define NPY_USE_C99_FORMATS 1</h1>

<h1>define NPY_VISIBILITY_HIDDEN <strong>attribute</strong>((visibility(&ldquo;hidden&rdquo;)))</h1>

<h1>define NPY_ABI_VERSION 0x01000009</h1>

<h1>define NPY_API_VERSION 0x00000009</h1>

<h1>ifndef __STDC_FORMAT_MACROS</h1>

<h1>define __STDC_FORMAT_MACROS 1</h1>

<h1>endif</h1>

<p>EOF
warning: no files found matching &lsquo;tools/py3tool.py&rsquo;
warning: no files found matching &lsquo;*&rsquo; under directory &lsquo;doc/sphinxext&rsquo;
In file included from /private/var/folders/hc/9mbf3qy10mz8wxjmd9314kl80000gn/T/easy_install-8WjsnJ/numpy-1.8.0/numpy/core/src/npysort/selection.c.src:22:
/private/var/folders/hc/9mbf3qy10mz8wxjmd9314kl80000gn/T/easy_install-8WjsnJ/numpy-1.8.0/numpy/core/src/private/npy_partition.h:104:15: warning: comparison of constant 1 with expression of type &lsquo;NPY_SELECTKIND&rsquo; is always false [-Wtautological-constant-out-of-range-compare]</p>

<pre><code>if (which &gt;= NPY_NSELECTS) {
    ~~~~~ ^  ~~~~~~~~~~~~
</code></pre>

<p>/private/var/folders/hc/9mbf3qy10mz8wxjmd9314kl80000gn/T/easy_install-8WjsnJ/numpy-1.8.0/numpy/core/src/private/npy_partition.h:120:15: warning: comparison of constant 1 with expression of type &lsquo;NPY_SELECTKIND&rsquo; is always false [-Wtautological-constant-out-of-range-compare]</p>

<pre><code>if (which &gt;= NPY_NSELECTS) {
    ~~~~~ ^  ~~~~~~~~~~~~
</code></pre>

<p>2 warnings generated.
In file included from /private/var/folders/hc/9mbf3qy10mz8wxjmd9314kl80000gn/T/easy_install-8WjsnJ/numpy-1.8.0/numpy/core/src/dummymodule.c:11:
In file included from /private/var/folders/hc/9mbf3qy10mz8wxjmd9314kl80000gn/T/easy_install-8WjsnJ/numpy-1.8.0/numpy/core/src/private/npy_pycompat.h:4:
In file included from /private/var/folders/hc/9mbf3qy10mz8wxjmd9314kl80000gn/T/easy_install-8WjsnJ/numpy-1.8.0/numpy/core/include/numpy/npy_3kcompat.h:23:
In file included from /private/var/folders/hc/9mbf3qy10mz8wxjmd9314kl80000gn/T/easy_install-8WjsnJ/numpy-1.8.0/numpy/core/include/numpy/ndarrayobject.h:26:
build/src.macosx-10.9-x86_64-2.7/numpy/core/include/numpy/<em><em>multiarray_api.h:1629:1: warning: unused function &lsquo;</em>import_array&rsquo; [-Wunused-function]
</em>import_array(void)
^
1 warning generated.
/private/var/folders/hc/9mbf3qy10mz8wxjmd9314kl80000gn/T/easy_install-8WjsnJ/numpy-1.8.0/numpy/core/src/multiarray/nditer_api.c:1840:12: warning: unused variable &lsquo;ptrs&rsquo; [-Wunused-variable]</p>

<pre><code>char **ptrs = NBF_PTRS(bufferdata), **ad_ptrs = NAD_PTRS(axisdata);
       ^
</code></pre>

<p>/private/var/folders/hc/9mbf3qy10mz8wxjmd9314kl80000gn/T/easy_install-8WjsnJ/numpy-1.8.0/numpy/core/src/multiarray/nditer_api.c:1836:17: warning: unused variable &lsquo;buffersize&rsquo; [-Wunused-variable]</p>

<pre><code>            buffersize = NBF_BUFFERSIZE(bufferdata);
            ^
</code></pre>

<p>2 warnings generated.
/private/var/folders/hc/9mbf3qy10mz8wxjmd9314kl80000gn/T/easy_install-8WjsnJ/numpy-1.8.0/numpy/core/src/multiarray/scalartypes.c.src:808:27: warning: comparison of unsigned enum expression >= 0 is always true [-Wtautological-compare]</p>

<pre><code>if (scal-&gt;obmeta.base &gt;= 0 &amp;&amp; scal-&gt;obmeta.base &lt; NPY_DATETIME_NUMUNITS) {
    ~~~~~~~~~~~~~~~~~ ^  ~
</code></pre>

<p>/private/var/folders/hc/9mbf3qy10mz8wxjmd9314kl80000gn/T/easy_install-8WjsnJ/numpy-1.8.0/numpy/core/src/multiarray/scalartypes.c.src:2632:30: warning: comparison of constant -1 with expression of type &lsquo;NPY_DATETIMEUNIT&rsquo; is always false [-Wtautological-constant-out-of-range-compare]</p>

<pre><code>    if (ret-&gt;obmeta.base == -1) {
        ~~~~~~~~~~~~~~~~ ^  ~~
</code></pre>

<p>/private/var/folders/hc/9mbf3qy10mz8wxjmd9314kl80000gn/T/easy_install-8WjsnJ/numpy-1.8.0/numpy/core/src/multiarray/scalartypes.c.src:2632:30: warning: comparison of constant -1 with expression of type &lsquo;NPY_DATETIMEUNIT&rsquo; is always false [-Wtautological-constant-out-of-range-compare]</p>

<pre><code>    if (ret-&gt;obmeta.base == -1) {
        ~~~~~~~~~~~~~~~~ ^  ~~
</code></pre>

<p>/private/var/folders/hc/9mbf3qy10mz8wxjmd9314kl80000gn/T/easy_install-8WjsnJ/numpy-1.8.0/numpy/core/src/multiarray/scalartypes.c.src:2933:1: warning: unused function &lsquo;longlong_arrtype_hash&rsquo; [-Wunused-function]
longlong_arrtype_hash(PyObject <em>obj)
^
4 warnings generated.
/private/var/folders/hc/9mbf3qy10mz8wxjmd9314kl80000gn/T/easy_install-8WjsnJ/numpy-1.8.0/numpy/core/src/multiarray/conversion_utils.c:882:2: warning: unused label &lsquo;overflow_check&rsquo; [-Wunused-label]
 overflow_check:
 ^<del>~~~~~~~~
1 warning generated.
/private/var/folders/hc/9mbf3qy10mz8wxjmd9314kl80000gn/T/easy_install-8WjsnJ/numpy-1.8.0/numpy/core/src/multiarray/array_assign_array.c:384:1: warning: unused label &lsquo;finish&rsquo; [-Wunused-label]
finish:
^</del>
1 warning generated.
/private/var/folders/hc/9mbf3qy10mz8wxjmd9314kl80000gn/T/easy_install-8WjsnJ/numpy-1.8.0/numpy/core/src/multiarray/mapping.c:1478:20: warning: incompatible pointer types assigning to &lsquo;PyArrayObject </em>&rsquo; (aka &lsquo;struct tagPyArrayObject <em>&rsquo;) from &lsquo;PyObject </em>&rsquo; (aka &lsquo;struct _object *&rsquo;) [-Wincompatible-pointer-types]</p>

<pre><code>        op_arr = op;
               ^ ~~
</code></pre>

<p>/private/var/folders/hc/9mbf3qy10mz8wxjmd9314kl80000gn/T/easy_install-8WjsnJ/numpy-1.8.0/numpy/core/src/multiarray/mapping.c:1821:26: warning: incompatible pointer types passing &lsquo;PyObject <em>&rsquo; (aka &lsquo;struct _object </em>&rsquo;) to parameter of type &lsquo;const PyArrayObject <em>&rsquo; (aka &lsquo;const struct tagPyArrayObject </em>&rsquo;) [-Wincompatible-pointer-types]</p>

<pre><code>subnd = PyArray_NDIM(sub);
                     ^~~
</code></pre>

<p>/private/var/folders/hc/9mbf3qy10mz8wxjmd9314kl80000gn/T/easy_install-8WjsnJ/numpy-1.8.0/numpy/core/include/numpy/ndarraytypes.h:1410:35: note: passing argument to parameter &lsquo;arr&rsquo; here
PyArray_NDIM(const PyArrayObject *arr)</p>

<pre><code>                              ^
</code></pre>

<p>/private/var/folders/hc/9mbf3qy10mz8wxjmd9314kl80000gn/T/easy_install-8WjsnJ/numpy-1.8.0/numpy/core/src/multiarray/mapping.c:2005:51: warning: incompatible pointer types passing &lsquo;PyObject <em>&rsquo; (aka &lsquo;struct _object </em>&rsquo;) to parameter of type &lsquo;const PyArrayObject <em>&rsquo; (aka &lsquo;const struct tagPyArrayObject </em>&rsquo;) [-Wincompatible-pointer-types]</p>

<pre><code>if (PyArray_Check(indexobj) &amp;&amp; PyArray_ISBOOL(indexobj)
                                              ^~~~~~~~
</code></pre>

<p>/private/var/folders/hc/9mbf3qy10mz8wxjmd9314kl80000gn/T/easy_install-8WjsnJ/numpy-1.8.0/numpy/core/include/numpy/ndarraytypes.h:1631:59: note: expanded from macro &lsquo;PyArray_ISBOOL&rsquo;</p>

<h1>define PyArray_ISBOOL(obj) PyTypeNum_ISBOOL(PyArray_TYPE(obj))</h1>

<pre><code>                                                      ^
</code></pre>

<p>/private/var/folders/hc/9mbf3qy10mz8wxjmd9314kl80000gn/T/easy_install-8WjsnJ/numpy-1.8.0/numpy/core/include/numpy/ndarraytypes.h:1562:34: note: expanded from macro &lsquo;PyTypeNum_ISBOOL&rsquo;</p>

<h1>define PyTypeNum_ISBOOL(type) ((type) == NPY_BOOL)</h1>

<pre><code>                             ^
</code></pre>

<p>/private/var/folders/hc/9mbf3qy10mz8wxjmd9314kl80000gn/T/easy_install-8WjsnJ/numpy-1.8.0/numpy/core/include/numpy/ndarraytypes.h:1476:35: note: passing argument to parameter &lsquo;arr&rsquo; here
PyArray_TYPE(const PyArrayObject *arr)</p>

<pre><code>                              ^
</code></pre>

<p>/private/var/folders/hc/9mbf3qy10mz8wxjmd9314kl80000gn/T/easy_install-8WjsnJ/numpy-1.8.0/numpy/core/src/multiarray/mapping.c:2145:12: warning: incompatible pointer types returning &lsquo;PyArrayMapIterObject <em>&rsquo; from a function with result type &lsquo;PyObject </em>&rsquo; (aka &lsquo;struct _object *&rsquo;) [-Wincompatible-pointer-types]</p>

<pre><code>return mit;
       ^~~
</code></pre>

<p>4 warnings generated.
/private/var/folders/hc/9mbf3qy10mz8wxjmd9314kl80000gn/T/easy_install-8WjsnJ/numpy-1.8.0/numpy/core/src/multiarray/datetime.c:781:24: warning: comparison of constant -1 with expression of type &lsquo;NPY_DATETIMEUNIT&rsquo; is always false [-Wtautological-constant-out-of-range-compare]</p>

<pre><code>if (out_meta-&gt;base == -1) {
    ~~~~~~~~~~~~~~ ^  ~~
</code></pre>

<p>/private/var/folders/hc/9mbf3qy10mz8wxjmd9314kl80000gn/T/easy_install-8WjsnJ/numpy-1.8.0/numpy/core/src/multiarray/datetime.c:1849:24: warning: comparison of constant -1 with expression of type &lsquo;NPY_DATETIMEUNIT&rsquo; is always false [-Wtautological-constant-out-of-range-compare]</p>

<pre><code>if (out_meta-&gt;base == -1) {
    ~~~~~~~~~~~~~~ ^  ~~
</code></pre>

<p>/private/var/folders/hc/9mbf3qy10mz8wxjmd9314kl80000gn/T/easy_install-8WjsnJ/numpy-1.8.0/numpy/core/src/multiarray/datetime.c:1974:20: warning: comparison of unsigned enum expression >= 0 is always true [-Wtautological-compare]</p>

<pre><code>if (meta-&gt;base &gt;= 0 &amp;&amp; meta-&gt;base &lt; NPY_DATETIME_NUMUNITS) {
    ~~~~~~~~~~ ^  ~
</code></pre>

<p>/private/var/folders/hc/9mbf3qy10mz8wxjmd9314kl80000gn/T/easy_install-8WjsnJ/numpy-1.8.0/numpy/core/src/multiarray/datetime.c:2386:24: warning: comparison of constant -1 with expression of type &lsquo;NPY_DATETIMEUNIT&rsquo; is always false [-Wtautological-constant-out-of-range-compare]</p>

<pre><code>    if (meta-&gt;base == -1) {
        ~~~~~~~~~~ ^  ~~
</code></pre>

<p>/private/var/folders/hc/9mbf3qy10mz8wxjmd9314kl80000gn/T/easy_install-8WjsnJ/numpy-1.8.0/numpy/core/src/multiarray/datetime.c:2400:24: warning: comparison of constant -1 with expression of type &lsquo;NPY_DATETIMEUNIT&rsquo; is always false [-Wtautological-constant-out-of-range-compare]</p>

<pre><code>    if (meta-&gt;base == -1 || meta-&gt;base == NPY_FR_GENERIC) {
        ~~~~~~~~~~ ^  ~~
</code></pre>

<p>/private/var/folders/hc/9mbf3qy10mz8wxjmd9314kl80000gn/T/easy_install-8WjsnJ/numpy-1.8.0/numpy/core/src/multiarray/datetime.c:2413:24: warning: comparison of constant -1 with expression of type &lsquo;NPY_DATETIMEUNIT&rsquo; is always false [-Wtautological-constant-out-of-range-compare]</p>

<pre><code>    if (meta-&gt;base == -1) {
        ~~~~~~~~~~ ^  ~~
</code></pre>

<p>/private/var/folders/hc/9mbf3qy10mz8wxjmd9314kl80000gn/T/easy_install-8WjsnJ/numpy-1.8.0/numpy/core/src/multiarray/datetime.c:2452:24: warning: comparison of constant -1 with expression of type &lsquo;NPY_DATETIMEUNIT&rsquo; is always false [-Wtautological-constant-out-of-range-compare]</p>

<pre><code>    if (meta-&gt;base == -1) {
        ~~~~~~~~~~ ^  ~~
</code></pre>

<p>/private/var/folders/hc/9mbf3qy10mz8wxjmd9314kl80000gn/T/easy_install-8WjsnJ/numpy-1.8.0/numpy/core/src/multiarray/datetime.c:2484:28: warning: comparison of constant -1 with expression of type &lsquo;NPY_DATETIMEUNIT&rsquo; is always false [-Wtautological-constant-out-of-range-compare]</p>

<pre><code>        if (meta-&gt;base == -1) {
            ~~~~~~~~~~ ^  ~~
</code></pre>

<p>/private/var/folders/hc/9mbf3qy10mz8wxjmd9314kl80000gn/T/easy_install-8WjsnJ/numpy-1.8.0/numpy/core/src/multiarray/datetime.c:2511:24: warning: comparison of constant -1 with expression of type &lsquo;NPY_DATETIMEUNIT&rsquo; is always false [-Wtautological-constant-out-of-range-compare]</p>

<pre><code>    if (meta-&gt;base == -1) {
        ~~~~~~~~~~ ^  ~~
</code></pre>

<p>/private/var/folders/hc/9mbf3qy10mz8wxjmd9314kl80000gn/T/easy_install-8WjsnJ/numpy-1.8.0/numpy/core/src/multiarray/datetime.c:2586:28: warning: comparison of constant -1 with expression of type &lsquo;NPY_DATETIMEUNIT&rsquo; is always false [-Wtautological-constant-out-of-range-compare]</p>

<pre><code>        if (meta-&gt;base == -1) {
            ~~~~~~~~~~ ^  ~~
</code></pre>

<p>/private/var/folders/hc/9mbf3qy10mz8wxjmd9314kl80000gn/T/easy_install-8WjsnJ/numpy-1.8.0/numpy/core/src/multiarray/datetime.c:2597:24: warning: comparison of constant -1 with expression of type &lsquo;NPY_DATETIMEUNIT&rsquo; is always false [-Wtautological-constant-out-of-range-compare]</p>

<pre><code>    if (meta-&gt;base == -1) {
        ~~~~~~~~~~ ^  ~~
</code></pre>

<p>/private/var/folders/hc/9mbf3qy10mz8wxjmd9314kl80000gn/T/easy_install-8WjsnJ/numpy-1.8.0/numpy/core/src/multiarray/datetime.c:2610:24: warning: comparison of constant -1 with expression of type &lsquo;NPY_DATETIMEUNIT&rsquo; is always false [-Wtautological-constant-out-of-range-compare]</p>

<pre><code>    if (meta-&gt;base == -1) {
        ~~~~~~~~~~ ^  ~~
</code></pre>

<p>/private/var/folders/hc/9mbf3qy10mz8wxjmd9314kl80000gn/T/easy_install-8WjsnJ/numpy-1.8.0/numpy/core/src/multiarray/datetime.c:2649:24: warning: comparison of constant -1 with expression of type &lsquo;NPY_DATETIMEUNIT&rsquo; is always false [-Wtautological-constant-out-of-range-compare]</p>

<pre><code>    if (meta-&gt;base == -1) {
        ~~~~~~~~~~ ^  ~~
</code></pre>

<p>/private/var/folders/hc/9mbf3qy10mz8wxjmd9314kl80000gn/T/easy_install-8WjsnJ/numpy-1.8.0/numpy/core/src/multiarray/datetime.c:2718:24: warning: comparison of constant -1 with expression of type &lsquo;NPY_DATETIMEUNIT&rsquo; is always false [-Wtautological-constant-out-of-range-compare]</p>

<pre><code>    if (meta-&gt;base == -1) {
        ~~~~~~~~~~ ^  ~~
</code></pre>

<p>/private/var/folders/hc/9mbf3qy10mz8wxjmd9314kl80000gn/T/easy_install-8WjsnJ/numpy-1.8.0/numpy/core/src/multiarray/datetime.c:2772:24: warning: comparison of constant -1 with expression of type &lsquo;NPY_DATETIMEUNIT&rsquo; is always false [-Wtautological-constant-out-of-range-compare]</p>

<pre><code>    if (meta-&gt;base == -1) {
        ~~~~~~~~~~ ^  ~~
</code></pre>

<p>/private/var/folders/hc/9mbf3qy10mz8wxjmd9314kl80000gn/T/easy_install-8WjsnJ/numpy-1.8.0/numpy/core/src/multiarray/datetime.c:3108:26: warning: comparison of constant -1 with expression of type &lsquo;NPY_DATETIMEUNIT&rsquo; is always false [-Wtautological-constant-out-of-range-compare]</p>

<pre><code>if (inout_meta-&gt;base == -1) {
    ~~~~~~~~~~~~~~~~ ^  ~~
</code></pre>

<p>16 warnings generated.
/private/var/folders/hc/9mbf3qy10mz8wxjmd9314kl80000gn/T/easy_install-8WjsnJ/numpy-1.8.0/numpy/core/src/multiarray/datetime_strings.c:476:18: warning: comparison of constant -1 with expression of type &lsquo;NPY_DATETIMEUNIT&rsquo; is always true [-Wtautological-constant-out-of-range-compare]</p>

<pre><code>    if (unit != -1 &amp;&amp; !can_cast_datetime64_units(bestunit, unit,
        ~~~~ ^  ~~
</code></pre>

<p>/private/var/folders/hc/9mbf3qy10mz8wxjmd9314kl80000gn/T/easy_install-8WjsnJ/numpy-1.8.0/numpy/core/src/multiarray/datetime_strings.c:519:18: warning: comparison of constant -1 with expression of type &lsquo;NPY_DATETIMEUNIT&rsquo; is always true [-Wtautological-constant-out-of-range-compare]</p>

<pre><code>    if (unit != -1 &amp;&amp; !can_cast_datetime64_units(bestunit, unit,
        ~~~~ ^  ~~
</code></pre>

<p>/private/var/folders/hc/9mbf3qy10mz8wxjmd9314kl80000gn/T/easy_install-8WjsnJ/numpy-1.8.0/numpy/core/src/multiarray/datetime_strings.c:924:14: warning: comparison of constant -1 with expression of type &lsquo;NPY_DATETIMEUNIT&rsquo; is always true [-Wtautological-constant-out-of-range-compare]</p>

<pre><code>if (unit != -1 &amp;&amp; !can_cast_datetime64_units(bestunit, unit,
    ~~~~ ^  ~~
</code></pre>

<p>/private/var/folders/hc/9mbf3qy10mz8wxjmd9314kl80000gn/T/easy_install-8WjsnJ/numpy-1.8.0/numpy/core/src/multiarray/datetime_strings.c:955:14: warning: comparison of constant -1 with expression of type &lsquo;NPY_DATETIMEUNIT&rsquo; is always false [-Wtautological-constant-out-of-range-compare]</p>

<pre><code>if (base == -1) {
    ~~~~ ^  ~~
</code></pre>

<p>/private/var/folders/hc/9mbf3qy10mz8wxjmd9314kl80000gn/T/easy_install-8WjsnJ/numpy-1.8.0/numpy/core/src/multiarray/datetime_strings.c:1119:14: warning: comparison of constant -1 with expression of type &lsquo;NPY_DATETIMEUNIT&rsquo; is always false [-Wtautological-constant-out-of-range-compare]</p>

<pre><code>if (base == -1) {
    ~~~~ ^  ~~
</code></pre>

<p>/private/var/folders/hc/9mbf3qy10mz8wxjmd9314kl80000gn/T/easy_install-8WjsnJ/numpy-1.8.0/numpy/core/src/multiarray/datetime_strings.c:1600:22: warning: comparison of constant -1 with expression of type &lsquo;NPY_DATETIMEUNIT&rsquo; is always false [-Wtautological-constant-out-of-range-compare]</p>

<pre><code>        if (unit == -1) {
            ~~~~ ^  ~~
</code></pre>

<p>/private/var/folders/hc/9mbf3qy10mz8wxjmd9314kl80000gn/T/easy_install-8WjsnJ/numpy-1.8.0/numpy/core/src/multiarray/datetime_strings.c:1607:18: warning: comparison of constant -1 with expression of type &lsquo;NPY_DATETIMEUNIT&rsquo; is always true [-Wtautological-constant-out-of-range-compare]</p>

<pre><code>    if (unit != -1 &amp;&amp; !can_cast_datetime64_units(meta-&gt;base, unit, casting)) {
        ~~~~ ^  ~~
</code></pre>

<p>7 warnings generated.
In file included from /private/var/folders/hc/9mbf3qy10mz8wxjmd9314kl80000gn/T/easy_install-8WjsnJ/numpy-1.8.0/numpy/core/src/multiarray/item_selection.c:23:
/private/var/folders/hc/9mbf3qy10mz8wxjmd9314kl80000gn/T/easy_install-8WjsnJ/numpy-1.8.0/numpy/core/src/private/npy_partition.h:104:15: warning: comparison of constant 1 with expression of type &lsquo;NPY_SELECTKIND&rsquo; is always false [-Wtautological-constant-out-of-range-compare]</p>

<pre><code>if (which &gt;= NPY_NSELECTS) {
    ~~~~~ ^  ~~~~~~~~~~~~
</code></pre>

<p>/private/var/folders/hc/9mbf3qy10mz8wxjmd9314kl80000gn/T/easy_install-8WjsnJ/numpy-1.8.0/numpy/core/src/private/npy_partition.h:120:15: warning: comparison of constant 1 with expression of type &lsquo;NPY_SELECTKIND&rsquo; is always false [-Wtautological-constant-out-of-range-compare]</p>

<pre><code>if (which &gt;= NPY_NSELECTS) {
    ~~~~~ ^  ~~~~~~~~~~~~
</code></pre>

<p>/private/var/folders/hc/9mbf3qy10mz8wxjmd9314kl80000gn/T/easy_install-8WjsnJ/numpy-1.8.0/numpy/core/src/multiarray/item_selection.c:1212:12: warning: incompatible pointer types assigning to &lsquo;PyArrayObject <em>&rsquo; (aka &lsquo;struct tagPyArrayObject </em>&rsquo;) from &lsquo;PyObject <em>&rsquo; (aka &lsquo;struct _object </em>&rsquo;) [-Wincompatible-pointer-types]</p>

<pre><code>kthrvl = PyArray_Cast(ktharray, NPY_INTP);
       ^ ~~~~~~~~~~~~~~~~~~~~~~~~~~~~~~~~
</code></pre>

<p>/private/var/folders/hc/9mbf3qy10mz8wxjmd9314kl80000gn/T/easy_install-8WjsnJ/numpy-1.8.0/numpy/core/src/multiarray/item_selection.c:1259:12: warning: equality comparison with extraneous parentheses [-Wparentheses-equality]</p>

<pre><code>if ((n == 0)) {
     ~~^~~~
</code></pre>

<p>/private/var/folders/hc/9mbf3qy10mz8wxjmd9314kl80000gn/T/easy_install-8WjsnJ/numpy-1.8.0/numpy/core/src/multiarray/item_selection.c:1259:12: note: remove extraneous parentheses around the comparison to silence this warning</p>

<pre><code>if ((n == 0)) {
    ~  ^   ~
</code></pre>

<p>/private/var/folders/hc/9mbf3qy10mz8wxjmd9314kl80000gn/T/easy_install-8WjsnJ/numpy-1.8.0/numpy/core/src/multiarray/item_selection.c:1259:12: note: use &lsquo;=&rsquo; to turn this equality comparison into an assignment</p>

<pre><code>if ((n == 0)) {
       ^~
       =
</code></pre>

<p>4 warnings generated.
/private/var/folders/hc/9mbf3qy10mz8wxjmd9314kl80000gn/T/easy_install-8WjsnJ/numpy-1.8.0/numpy/core/src/multiarray/number.c:224:48: warning: incompatible pointer types passing &lsquo;PyArrayObject <em>&rsquo; (aka &lsquo;struct tagPyArrayObject </em>&rsquo;) to parameter of type &lsquo;PyObject <em>&rsquo; (aka &lsquo;struct _object </em>&rsquo;) [-Wincompatible-pointer-types]</p>

<pre><code>      double m1_prio = PyArray_GetPriority(m1, NPY_SCALAR_PRIORITY);
                                           ^~
</code></pre>

<p>build/src.macosx-10.9-x86_64-2.7/numpy/core/include/numpy/__multiarray_api.h:370:19: note: passing argument to parameter here</p>

<pre><code>   (PyObject *, double);
              ^
</code></pre>

<p>1 warning generated.
/private/var/folders/hc/9mbf3qy10mz8wxjmd9314kl80000gn/T/easy_install-8WjsnJ/numpy-1.8.0/numpy/core/src/multiarray/lowlevel_strided_loops.c.src:114:5: warning: unknown attribute &lsquo;optimize&rsquo; ignored [-Wattributes]</p>

<pre><code>NPY_GCC_UNROLL_LOOPS
^
</code></pre>

<p>/private/var/folders/hc/9mbf3qy10mz8wxjmd9314kl80000gn/T/easy_install-8WjsnJ/numpy-1.8.0/numpy/core/include/numpy/npy_common.h:16:20: note: expanded from macro &lsquo;NPY_GCC_UNROLL_LOOPS&rsquo;</p>

<pre><code>__attribute__((optimize("unroll-loops")))
               ^
</code></pre>

<p>/private/var/folders/hc/9mbf3qy10mz8wxjmd9314kl80000gn/T/easy_install-8WjsnJ/numpy-1.8.0/numpy/core/src/multiarray/lowlevel_strided_loops.c.src:114:5: warning: unknown attribute &lsquo;optimize&rsquo; ignored [-Wattributes]</p>

<pre><code>NPY_GCC_UNROLL_LOOPS
^
</code></pre>

<p>/private/var/folders/hc/9mbf3qy10mz8wxjmd9314kl80000gn/T/easy_install-8WjsnJ/numpy-1.8.0/numpy/core/include/numpy/npy_common.h:16:20: note: expanded from macro &lsquo;NPY_GCC_UNROLL_LOOPS&rsquo;</p>

<pre><code>__attribute__((optimize("unroll-loops")))
               ^
</code></pre>

<p>/private/var/folders/hc/9mbf3qy10mz8wxjmd9314kl80000gn/T/easy_install-8WjsnJ/numpy-1.8.0/numpy/core/src/multiarray/lowlevel_strided_loops.c.src:114:5: warning: unknown attribute &lsquo;optimize&rsquo; ignored [-Wattributes]</p>

<pre><code>NPY_GCC_UNROLL_LOOPS
^
</code></pre>

<p>/private/var/folders/hc/9mbf3qy10mz8wxjmd9314kl80000gn/T/easy_install-8WjsnJ/numpy-1.8.0/numpy/core/include/numpy/npy_common.h:16:20: note: expanded from macro &lsquo;NPY_GCC_UNROLL_LOOPS&rsquo;</p>

<pre><code>__attribute__((optimize("unroll-loops")))
               ^
</code></pre>

<p>/private/var/folders/hc/9mbf3qy10mz8wxjmd9314kl80000gn/T/easy_install-8WjsnJ/numpy-1.8.0/numpy/core/src/multiarray/lowlevel_strided_loops.c.src:114:5: warning: unknown attribute &lsquo;optimize&rsquo; ignored [-Wattributes]</p>

<pre><code>NPY_GCC_UNROLL_LOOPS
^
</code></pre>

<p>/private/var/folders/hc/9mbf3qy10mz8wxjmd9314kl80000gn/T/easy_install-8WjsnJ/numpy-1.8.0/numpy/core/include/numpy/npy_common.h:16:20: note: expanded from macro &lsquo;NPY_GCC_UNROLL_LOOPS&rsquo;</p>

<pre><code>__attribute__((optimize("unroll-loops")))
               ^
</code></pre>

<p>/private/var/folders/hc/9mbf3qy10mz8wxjmd9314kl80000gn/T/easy_install-8WjsnJ/numpy-1.8.0/numpy/core/src/multiarray/lowlevel_strided_loops.c.src:114:5: warning: unknown attribute &lsquo;optimize&rsquo; ignored [-Wattributes]</p>

<pre><code>NPY_GCC_UNROLL_LOOPS
^
</code></pre>

<p>/private/var/folders/hc/9mbf3qy10mz8wxjmd9314kl80000gn/T/easy_install-8WjsnJ/numpy-1.8.0/numpy/core/include/numpy/npy_common.h:16:20: note: expanded from macro &lsquo;NPY_GCC_UNROLL_LOOPS&rsquo;</p>

<pre><code>__attribute__((optimize("unroll-loops")))
               ^
</code></pre>

<p>/private/var/folders/hc/9mbf3qy10mz8wxjmd9314kl80000gn/T/easy_install-8WjsnJ/numpy-1.8.0/numpy/core/src/multiarray/lowlevel_strided_loops.c.src:114:5: warning: unknown attribute &lsquo;optimize&rsquo; ignored [-Wattributes]</p>

<pre><code>NPY_GCC_UNROLL_LOOPS
^
</code></pre>

<p>/private/var/folders/hc/9mbf3qy10mz8wxjmd9314kl80000gn/T/easy_install-8WjsnJ/numpy-1.8.0/numpy/core/include/numpy/npy_common.h:16:20: note: expanded from macro &lsquo;NPY_GCC_UNROLL_LOOPS&rsquo;</p>

<pre><code>__attribute__((optimize("unroll-loops")))
               ^
</code></pre>

<p>/private/var/folders/hc/9mbf3qy10mz8wxjmd9314kl80000gn/T/easy_install-8WjsnJ/numpy-1.8.0/numpy/core/src/multiarray/lowlevel_strided_loops.c.src:114:5: warning: unknown attribute &lsquo;optimize&rsquo; ignored [-Wattributes]</p>

<pre><code>NPY_GCC_UNROLL_LOOPS
^
</code></pre>

<p>/private/var/folders/hc/9mbf3qy10mz8wxjmd9314kl80000gn/T/easy_install-8WjsnJ/numpy-1.8.0/numpy/core/include/numpy/npy_common.h:16:20: note: expanded from macro &lsquo;NPY_GCC_UNROLL_LOOPS&rsquo;</p>

<pre><code>__attribute__((optimize("unroll-loops")))
               ^
</code></pre>

<p>/private/var/folders/hc/9mbf3qy10mz8wxjmd9314kl80000gn/T/easy_install-8WjsnJ/numpy-1.8.0/numpy/core/src/multiarray/lowlevel_strided_loops.c.src:114:5: warning: unknown attribute &lsquo;optimize&rsquo; ignored [-Wattributes]</p>

<pre><code>NPY_GCC_UNROLL_LOOPS
^
</code></pre>

<p>/private/var/folders/hc/9mbf3qy10mz8wxjmd9314kl80000gn/T/easy_install-8WjsnJ/numpy-1.8.0/numpy/core/include/numpy/npy_common.h:16:20: note: expanded from macro &lsquo;NPY_GCC_UNROLL_LOOPS&rsquo;</p>

<pre><code>__attribute__((optimize("unroll-loops")))
               ^
</code></pre>

<p>/private/var/folders/hc/9mbf3qy10mz8wxjmd9314kl80000gn/T/easy_install-8WjsnJ/numpy-1.8.0/numpy/core/src/multiarray/lowlevel_strided_loops.c.src:114:5: warning: unknown attribute &lsquo;optimize&rsquo; ignored [-Wattributes]</p>

<pre><code>NPY_GCC_UNROLL_LOOPS
^
</code></pre>

<p>/private/var/folders/hc/9mbf3qy10mz8wxjmd9314kl80000gn/T/easy_install-8WjsnJ/numpy-1.8.0/numpy/core/include/numpy/npy_common.h:16:20: note: expanded from macro &lsquo;NPY_GCC_UNROLL_LOOPS&rsquo;</p>

<pre><code>__attribute__((optimize("unroll-loops")))
               ^
</code></pre>

<p>/private/var/folders/hc/9mbf3qy10mz8wxjmd9314kl80000gn/T/easy_install-8WjsnJ/numpy-1.8.0/numpy/core/src/multiarray/lowlevel_strided_loops.c.src:114:5: warning: unknown attribute &lsquo;optimize&rsquo; ignored [-Wattributes]</p>

<pre><code>NPY_GCC_UNROLL_LOOPS
^
</code></pre>

<p>/private/var/folders/hc/9mbf3qy10mz8wxjmd9314kl80000gn/T/easy_install-8WjsnJ/numpy-1.8.0/numpy/core/include/numpy/npy_common.h:16:20: note: expanded from macro &lsquo;NPY_GCC_UNROLL_LOOPS&rsquo;</p>

<pre><code>__attribute__((optimize("unroll-loops")))
               ^
</code></pre>

<p>/private/var/folders/hc/9mbf3qy10mz8wxjmd9314kl80000gn/T/easy_install-8WjsnJ/numpy-1.8.0/numpy/core/src/multiarray/lowlevel_strided_loops.c.src:114:5: warning: unknown attribute &lsquo;optimize&rsquo; ignored [-Wattributes]</p>

<pre><code>NPY_GCC_UNROLL_LOOPS
^
</code></pre>

<p>/private/var/folders/hc/9mbf3qy10mz8wxjmd9314kl80000gn/T/easy_install-8WjsnJ/numpy-1.8.0/numpy/core/include/numpy/npy_common.h:16:20: note: expanded from macro &lsquo;NPY_GCC_UNROLL_LOOPS&rsquo;</p>

<pre><code>__attribute__((optimize("unroll-loops")))
               ^
</code></pre>

<p>/private/var/folders/hc/9mbf3qy10mz8wxjmd9314kl80000gn/T/easy_install-8WjsnJ/numpy-1.8.0/numpy/core/src/multiarray/lowlevel_strided_loops.c.src:114:5: warning: unknown attribute &lsquo;optimize&rsquo; ignored [-Wattributes]</p>

<pre><code>NPY_GCC_UNROLL_LOOPS
^
</code></pre>

<p>/private/var/folders/hc/9mbf3qy10mz8wxjmd9314kl80000gn/T/easy_install-8WjsnJ/numpy-1.8.0/numpy/core/include/numpy/npy_common.h:16:20: note: expanded from macro &lsquo;NPY_GCC_UNROLL_LOOPS&rsquo;</p>

<pre><code>__attribute__((optimize("unroll-loops")))
               ^
</code></pre>

<p>12 warnings generated.
/private/var/folders/hc/9mbf3qy10mz8wxjmd9314kl80000gn/T/easy_install-8WjsnJ/numpy-1.8.0/numpy/core/src/multiarray/convert_datatype.c:228:63: warning: incompatible pointer types passing &lsquo;PyObject <em>&rsquo; (aka &lsquo;struct _object </em>&rsquo;) to parameter of type &lsquo;PyArrayObject <em>&rsquo; (aka &lsquo;struct tagPyArrayObject </em>&rsquo;) [-Wincompatible-pointer-types]</p>

<pre><code>                        PyObject *scalar = PyArray_ToList(data_obj);
                                                          ^~~~~~~~
</code></pre>

<p>build/src.macosx-10.9-x86_64-2.7/numpy/core/include/numpy/__multiarray_api.h:348:24: note: passing argument to parameter here</p>

<pre><code>   (PyArrayObject *);
                   ^
</code></pre>

<p>/private/var/folders/hc/9mbf3qy10mz8wxjmd9314kl80000gn/T/easy_install-8WjsnJ/numpy-1.8.0/numpy/core/src/multiarray/convert_datatype.c:250:51: warning: incompatible pointer types passing &lsquo;PyObject <em>&rsquo; (aka &lsquo;struct _object </em>&rsquo;) to parameter of type &lsquo;PyArrayObject <em>&rsquo; (aka &lsquo;struct tagPyArrayObject </em>&rsquo;) [-Wincompatible-pointer-types]</p>

<pre><code>                        list = PyArray_ToList(data_obj);
                                              ^~~~~~~~
</code></pre>

<p>build/src.macosx-10.9-x86_64-2.7/numpy/core/include/numpy/__multiarray_api.h:348:24: note: passing argument to parameter here</p>

<pre><code>   (PyArrayObject *);
                   ^
</code></pre>

<p>2 warnings generated.
In file included from /private/var/folders/hc/9mbf3qy10mz8wxjmd9314kl80000gn/T/easy_install-8WjsnJ/numpy-1.8.0/numpy/core/src/umath/loops.c.src:14:
In file included from /private/var/folders/hc/9mbf3qy10mz8wxjmd9314kl80000gn/T/easy_install-8WjsnJ/numpy-1.8.0/numpy/core/include/numpy/arrayobject.h:4:
In file included from /private/var/folders/hc/9mbf3qy10mz8wxjmd9314kl80000gn/T/easy_install-8WjsnJ/numpy-1.8.0/numpy/core/include/numpy/ndarrayobject.h:26:
build/src.macosx-10.9-x86_64-2.7/numpy/core/include/numpy/<em><em>multiarray_api.h:1629:1: warning: unused function &lsquo;</em>import_array&rsquo; [-Wunused-function]
</em>import_array(void)
^
1 warning generated.
/private/var/folders/hc/9mbf3qy10mz8wxjmd9314kl80000gn/T/easy_install-8WjsnJ/numpy-1.8.0/numpy/core/src/umath/ufunc_object.c:758:60: warning: incompatible pointer types passing &lsquo;PyObject <em>&rsquo; (aka &lsquo;struct _object </em>&rsquo;) to parameter of type &lsquo;PyArrayObject <em>&rsquo; (aka &lsquo;struct tagPyArrayObject </em>&rsquo;) [-Wincompatible-pointer-types]</p>

<pre><code>        out_op[i] = (PyArrayObject *)PyArray_FromArray(obj,NULL,0);
                                                       ^~~
</code></pre>

<p>/private/var/folders/hc/9mbf3qy10mz8wxjmd9314kl80000gn/T/easy_install-8WjsnJ/numpy-1.8.0/numpy/core/src/umath/ufunc_object.c:2792:29: warning: incompatible pointer types assigning to &lsquo;PyArray_AssignReduceIdentityFunc <em>&rsquo; (aka &lsquo;int (</em>)(PyArrayObject <em>, void </em>)&rsquo;) from &lsquo;int (<em>)(PyArrayObject </em>)&rsquo; [-Wincompatible-pointer-types]</p>

<pre><code>        assign_identity = &amp;assign_reduce_identity_zero;
                        ^ ~~~~~~~~~~~~~~~~~~~~~~~~~~~~
</code></pre>

<p>/private/var/folders/hc/9mbf3qy10mz8wxjmd9314kl80000gn/T/easy_install-8WjsnJ/numpy-1.8.0/numpy/core/src/umath/ufunc_object.c:2803:29: warning: incompatible pointer types assigning to &lsquo;PyArray_AssignReduceIdentityFunc <em>&rsquo; (aka &lsquo;int (</em>)(PyArrayObject <em>, void </em>)&rsquo;) from &lsquo;int (<em>)(PyArrayObject </em>)&rsquo; [-Wincompatible-pointer-types]</p>

<pre><code>        assign_identity = &amp;assign_reduce_identity_one;
                        ^ ~~~~~~~~~~~~~~~~~~~~~~~~~~~
</code></pre>

<p>/private/var/folders/hc/9mbf3qy10mz8wxjmd9314kl80000gn/T/easy_install-8WjsnJ/numpy-1.8.0/numpy/core/src/umath/ufunc_object.c:4915:15: warning: incompatible pointer types assigning to &lsquo;PyArrayObject <em>&rsquo; (aka &lsquo;struct tagPyArrayObject </em>&rsquo;) from &lsquo;PyObject <em>&rsquo; (aka &lsquo;struct _object </em>&rsquo;) [-Wincompatible-pointer-types]</p>

<pre><code>op1_array = op1;
          ^ ~~~
</code></pre>

<p>/private/var/folders/hc/9mbf3qy10mz8wxjmd9314kl80000gn/T/easy_install-8WjsnJ/numpy-1.8.0/numpy/core/src/umath/ufunc_object.c:4917:10: warning: incompatible pointer types assigning to &lsquo;PyArrayMapIterObject <em>&rsquo; from &lsquo;PyObject </em>&rsquo; (aka &lsquo;struct _object *&rsquo;) [-Wincompatible-pointer-types]</p>

<pre><code>iter = PyArray_MapIterArray(op1_array, idx);
     ^ ~~~~~~~~~~~~~~~~~~~~~~~~~~~~~~~~~~~~
</code></pre>

<p>/private/var/folders/hc/9mbf3qy10mz8wxjmd9314kl80000gn/T/easy_install-8WjsnJ/numpy-1.8.0/numpy/core/src/umath/ufunc_object.c:4990:23: warning: incompatible pointer types assigning to &lsquo;PyArrayObject <em>&rsquo; (aka &lsquo;struct tagPyArrayObject </em>&rsquo;) from &lsquo;PyObject <em>&rsquo; (aka &lsquo;struct _object </em>&rsquo;) [-Wincompatible-pointer-types]</p>

<pre><code>array_operands[0] = PyArray_NewFromDescr(&amp;PyArray_Type,
                  ^ ~~~~~~~~~~~~~~~~~~~~~~~~~~~~~~~~~~~
</code></pre>

<p>/private/var/folders/hc/9mbf3qy10mz8wxjmd9314kl80000gn/T/easy_install-8WjsnJ/numpy-1.8.0/numpy/core/src/umath/ufunc_object.c:4996:27: warning: incompatible pointer types assigning to &lsquo;PyArrayObject <em>&rsquo; (aka &lsquo;struct tagPyArrayObject </em>&rsquo;) from &lsquo;PyObject <em>&rsquo; (aka &lsquo;struct _object </em>&rsquo;) [-Wincompatible-pointer-types]</p>

<pre><code>    array_operands[1] = PyArray_NewFromDescr(&amp;PyArray_Type,
                      ^ ~~~~~~~~~~~~~~~~~~~~~~~~~~~~~~~~~~~
</code></pre>

<p>/private/var/folders/hc/9mbf3qy10mz8wxjmd9314kl80000gn/T/easy_install-8WjsnJ/numpy-1.8.0/numpy/core/src/umath/ufunc_object.c:5002:27: warning: incompatible pointer types assigning to &lsquo;PyArrayObject <em>&rsquo; (aka &lsquo;struct tagPyArrayObject </em>&rsquo;) from &lsquo;PyObject <em>&rsquo; (aka &lsquo;struct _object </em>&rsquo;) [-Wincompatible-pointer-types]</p>

<pre><code>    array_operands[2] = PyArray_NewFromDescr(&amp;PyArray_Type,
                      ^ ~~~~~~~~~~~~~~~~~~~~~~~~~~~~~~~~~~~
</code></pre>

<p>/private/var/folders/hc/9mbf3qy10mz8wxjmd9314kl80000gn/T/easy_install-8WjsnJ/numpy-1.8.0/numpy/core/src/umath/ufunc_object.c:5010:27: warning: incompatible pointer types assigning to &lsquo;PyArrayObject <em>&rsquo; (aka &lsquo;struct tagPyArrayObject </em>&rsquo;) from &lsquo;PyObject <em>&rsquo; (aka &lsquo;struct _object </em>&rsquo;) [-Wincompatible-pointer-types]</p>

<pre><code>    array_operands[1] = PyArray_NewFromDescr(&amp;PyArray_Type,
                      ^ ~~~~~~~~~~~~~~~~~~~~~~~~~~~~~~~~~~~
</code></pre>

<p>9 warnings generated.
/private/var/folders/hc/9mbf3qy10mz8wxjmd9314kl80000gn/T/easy_install-8WjsnJ/numpy-1.8.0/numpy/core/src/umath/test_rational.c.src:859:1: warning: variable &lsquo;i&rsquo; is uninitialized when used here [-Wuninitialized]
FIND_EXTREME(argmin,lt)
^~~~~~~~~~~~~~~~~~~~~~~
/private/var/folders/hc/9mbf3qy10mz8wxjmd9314kl80000gn/T/easy_install-8WjsnJ/numpy-1.8.0/numpy/core/src/umath/test_rational.c.src:849:9: note: expanded from macro &lsquo;FIND_EXTREME&rsquo;</p>

<pre><code>    i; \
    ^
</code></pre>

<p>/private/var/folders/hc/9mbf3qy10mz8wxjmd9314kl80000gn/T/easy_install-8WjsnJ/numpy-1.8.0/numpy/core/src/umath/test_rational.c.src:859:1: note: variable &lsquo;i&rsquo; is declared here
/private/var/folders/hc/9mbf3qy10mz8wxjmd9314kl80000gn/T/easy_install-8WjsnJ/numpy-1.8.0/numpy/core/src/umath/test_rational.c.src:842:9: note: expanded from macro &lsquo;FIND_EXTREME&rsquo;</p>

<pre><code>    npy_intp i; \
    ^
</code></pre>

<p>/private/var/folders/hc/9mbf3qy10mz8wxjmd9314kl80000gn/T/easy_install-8WjsnJ/numpy-1.8.0/numpy/core/src/umath/test_rational.c.src:860:1: warning: variable &lsquo;i&rsquo; is uninitialized when used here [-Wuninitialized]
FIND_EXTREME(argmax,gt)
^~~~~~~~~~~~~~~~~~~~~~~
/private/var/folders/hc/9mbf3qy10mz8wxjmd9314kl80000gn/T/easy_install-8WjsnJ/numpy-1.8.0/numpy/core/src/umath/test_rational.c.src:849:9: note: expanded from macro &lsquo;FIND_EXTREME&rsquo;</p>

<pre><code>    i; \
    ^
</code></pre>

<p>/private/var/folders/hc/9mbf3qy10mz8wxjmd9314kl80000gn/T/easy_install-8WjsnJ/numpy-1.8.0/numpy/core/src/umath/test_rational.c.src:860:1: note: variable &lsquo;i&rsquo; is declared here
/private/var/folders/hc/9mbf3qy10mz8wxjmd9314kl80000gn/T/easy_install-8WjsnJ/numpy-1.8.0/numpy/core/src/umath/test_rational.c.src:842:9: note: expanded from macro &lsquo;FIND_EXTREME&rsquo;</p>

<pre><code>    npy_intp i; \
    ^
</code></pre>

<p>2 warnings generated.
/private/var/folders/hc/9mbf3qy10mz8wxjmd9314kl80000gn/T/easy_install-8WjsnJ/numpy-1.8.0/numpy/core/src/multiarray/multiarray_tests.c.src:481:38: warning: incompatible pointer types passing &lsquo;PyArrayObject <em>&rsquo; (aka &lsquo;struct tagPyArrayObject </em>&rsquo;) to parameter of type &lsquo;PyObject <em>&rsquo; (aka &lsquo;struct _object </em>&rsquo;) [-Wincompatible-pointer-types]</p>

<pre><code>        PyArray_BroadcastToShape(arr, mit-&gt;dimensions, mit-&gt;nd)) == NULL) {
                                 ^~~
</code></pre>

<p>1 warning generated.
/private/var/folders/hc/9mbf3qy10mz8wxjmd9314kl80000gn/T/easy_install-8WjsnJ/numpy-1.8.0/numpy/numarray/<em>capi.c:1102:42: warning: incompatible pointer types passing &lsquo;PyObject *&rsquo; (aka &lsquo;struct </em>object <em>&rsquo;) to parameter of type &lsquo;PyArrayObject </em>&rsquo; (aka &lsquo;struct tagPyArrayObject *&rsquo;) [-Wincompatible-pointer-types]</p>

<pre><code>if (PyArray_SetUpdateIfCopyBase(ret, a) &lt; 0) {
                                     ^
</code></pre>

<p>1 warning generated.
/private/var/folders/hc/9mbf3qy10mz8wxjmd9314kl80000gn/T/easy_install-8WjsnJ/numpy-1.8.0/numpy/linalg/umath_linalg.c.src:790:32: warning: unknown warning group &lsquo;-Wmaybe-uninitialized&rsquo;, ignored [-Wunknown-pragmas]</p>

<h1>pragma GCC diagnostic ignored &ldquo;-Wmaybe-uninitialized&rdquo;</h1>

<pre><code>                           ^
</code></pre>

<p>/private/var/folders/hc/9mbf3qy10mz8wxjmd9314kl80000gn/T/easy_install-8WjsnJ/numpy-1.8.0/numpy/linalg/umath_linalg.c.src:2318:1: warning: unused function &lsquo;CFLOAT_eig&rsquo; [-Wunused-function]
CFLOAT_eig(char <strong>args,
^
/private/var/folders/hc/9mbf3qy10mz8wxjmd9314kl80000gn/T/easy_install-8WjsnJ/numpy-1.8.0/numpy/linalg/umath_linalg.c.src:2327:1: warning: unused function &lsquo;CFLOAT_eigvals&rsquo; [-Wunused-function]
CFLOAT_eigvals(char </strong>args,
^
/private/var/folders/hc/9mbf3qy10mz8wxjmd9314kl80000gn/T/easy_install-8WjsnJ/numpy-1.8.0/numpy/linalg/umath_linalg.c.src:2878:13: warning: unused variable &lsquo;equal_4_types&rsquo; [-Wunused-variable]
static char equal_4_types[] = {</p>

<pre><code>        ^
</code></pre>

<p>/private/var/folders/hc/9mbf3qy10mz8wxjmd9314kl80000gn/T/easy_install-8WjsnJ/numpy-1.8.0/numpy/linalg/umath_linalg.c.src:2885:13: warning: unused variable &lsquo;equal_5_types&rsquo; [-Wunused-variable]
static char equal_5_types[] = {</p>

<pre><code>        ^
</code></pre>

<p>/private/var/folders/hc/9mbf3qy10mz8wxjmd9314kl80000gn/T/easy_install-8WjsnJ/numpy-1.8.0/numpy/linalg/umath_linalg.c.src:2892:13: warning: unused variable &lsquo;equal_6_types&rsquo; [-Wunused-variable]
static char equal_6_types[] = {</p>

<pre><code>        ^
</code></pre>

<p>6 warnings generated.
In file included from /private/var/folders/hc/9mbf3qy10mz8wxjmd9314kl80000gn/T/easy_install-8WjsnJ/numpy-1.8.0/numpy/random/mtrand/initarray.c:76:
In file included from /private/var/folders/hc/9mbf3qy10mz8wxjmd9314kl80000gn/T/easy_install-8WjsnJ/numpy-1.8.0/numpy/random/mtrand/initarray.h:2:
In file included from /private/var/folders/hc/9mbf3qy10mz8wxjmd9314kl80000gn/T/easy_install-8WjsnJ/numpy-1.8.0/numpy/core/include/numpy/arrayobject.h:4:
In file included from /private/var/folders/hc/9mbf3qy10mz8wxjmd9314kl80000gn/T/easy_install-8WjsnJ/numpy-1.8.0/numpy/core/include/numpy/ndarrayobject.h:26:
build/src.macosx-10.9-x86_64-2.7/numpy/core/include/numpy/<strong>multiarray_api.h:1629:1: warning: unused function &lsquo;<em>import_array&rsquo; [-Wunused-function]
</em>import_array(void)
^
1 warning generated.
zip_safe flag not set; analyzing archive contents&hellip;
numpy._import_tools: module references </strong>file<strong>
numpy._import_tools: module references </strong>path<strong>
numpy.core.generate_numpy_api: module references </strong>file<strong>
numpy.core.setup: module references </strong>file<strong>
numpy.core.setup_common: module references </strong>file<strong>
numpy.distutils.exec_command: module references </strong>file<strong>
numpy.distutils.misc_util: module references </strong>file<strong>
numpy.distutils.npy_pkg_config: module references </strong>file<strong>
numpy.distutils.system_info: module references </strong>file<strong>
numpy.distutils.command.build_src: module references </strong>file<strong>
numpy.distutils.fcompiler.</strong>init<strong>: module references </strong>file<strong>
numpy.distutils.fcompiler.compaq: module references </strong>file<strong>
numpy.doc.</strong>init<strong>: module references </strong>file<strong>
numpy.f2py.diagnose: module references </strong>file<strong>
numpy.f2py.f2py2e: module references </strong>file<strong>
numpy.f2py.setup: module references </strong>file<strong>
numpy.lib.utils: module references </strong>file<strong>
numpy.lib.utils: module references </strong>path<strong>
numpy.lib.utils: module MAY be using inspect.getsource
numpy.lib.utils: module MAY be using inspect.getsourcefile
numpy.numarray.util: module references </strong>file<strong>
numpy.testing.noseclasses: module references </strong>file<strong>
numpy.testing.nosetester: module references </strong>file<strong>
numpy.testing.numpytest: module references </strong>file<strong>
numpy.testing.utils: module references </strong>file__
Adding numpy 1.8.0 to easy-install.pth file
Installing f2py script to /usr/local/bin</p>

<p>Installed /usr/local/lib/python2.7/site-packages/numpy-1.8.0-py2.7-macosx-10.9-x86_64.egg
Processing dependencies for numpy
Finished processing dependencies for numpy
{% endcodeblock %}</p>
]]></content>
  </entry>
  
  <entry>
    <title type="html"><![CDATA[Trying to ``pip install numpy`` on ubuntu, and got this:]]></title>
    <link href="http://www.ahwkong.com/post/2012/05/02/p-22252177628/"/>
    <updated>2012-05-02T21:22:00+10:00</updated>
    <id>http://www.ahwkong.com/post/2012/05/02/p-22252177628</id>
    <content type="html"><![CDATA[<p>Trying to <code>pip install numpy</code> on ubuntu, and got this:</p>

<p>```</p>

<p>SystemError: Cannot compile &lsquo;Python.h&rsquo;. Perhaps you need to install python-dev|python-devel.</p>

<p>```</p>
]]></content>
  </entry>
  
</feed>
