<?xml version="1.0" encoding="utf-8"?>
<feed xmlns="http://www.w3.org/2005/Atom">

  <title><![CDATA[Category: python3 | Timeline]]></title>
  <link href="http://kongakong.github.io/post/categories/python3/atom.xml" rel="self"/>
  <link href="http://kongakong.github.io/"/>
  <updated>2013-12-16T22:31:31+11:00</updated>
  <id>http://kongakong.github.io/</id>
  <author>
    <name><![CDATA[Anthony Kong]]></name>
    
  </author>
  <generator uri="http://octopress.org/">Octopress</generator>

  
  <entry>
    <title type="html"><![CDATA[How to set up virtualenv and use pip in python 3.3]]></title>
    <link href="http://kongakong.github.io/post/2012/11/18/p-35977135674/"/>
    <updated>2012-11-18T20:44:00+11:00</updated>
    <id>http://kongakong.github.io/post/2012/11/18/p-35977135674</id>
    <content type="html"><![CDATA[<p>First of all, you have to install python3.3 on your platform. In Ubuntu 12.10, I use apt-get to install python3.3. (By default it comes with python3.2, which does not have built-in virtual env support)</p>

<p>Then youâ€™ll need to create a virtualenv and activate it. For details see</p>

<p><a href="http://docs.python.org/3/library/venv.html">the python doc</a></p>

<p>Since I want to install packages using pip, I proceed to install distribute.</p>

<p><a href="http://python-distribute.org/distribute_setup.py">http://python-distribute.org/distribute_setup.py</a></p>
]]></content>
  </entry>
  
  <entry>
    <title type="html"><![CDATA[VirtualEnv and Python 3.3]]></title>
    <link href="http://kongakong.github.io/post/2012/11/13/p-35580336669/"/>
    <updated>2012-11-13T07:02:00+11:00</updated>
    <id>http://kongakong.github.io/post/2012/11/13/p-35580336669</id>
    <content type="html"><![CDATA[<p><code>virtualenv</code> is now a built-in module in python 3.3. The best documentation so far seems to be the</p>

<p><a href="PEP%20405">http://www.python.org/dev/peps/pep-0405/</a></p>
]]></content>
  </entry>
  
  <entry>
    <title type="html"><![CDATA[byte-compiling error]]></title>
    <link href="http://kongakong.github.io/post/2012/04/28/p-21971423940/"/>
    <updated>2012-04-28T21:41:00+10:00</updated>
    <id>http://kongakong.github.io/post/2012/04/28/p-21971423940</id>
    <content type="html"><![CDATA[<p>Had  a bunch of byte-compiling error when running <code>python3 distribute_setup.py</code></p>

<p>```</p>

<p>byte-compiling /Users/antkong/local/lib/python3.3/site-packages/easy_install.py to easy_install.cpython-33.pyc
byte-compiling /Users/antkong/local/lib/python3.3/site-packages/pkg_resources.py to pkg_resources.cpython-33.pyc
  File &ldquo;/Users/antkong/local/lib/python3.3/site-packages/pkg_resources.py&rdquo;, line 45</p>

<pre><code>def _bypass_ensure_directory(name, mode=0777):
                                           ^
</code></pre>

<p>SyntaxError: invalid token</p>

<p>byte-compiling /Users/antkong/local/lib/python3.3/site-packages/setuptools/<strong>init</strong>.py to <strong>init</strong>.cpython-33.pyc
byte-compiling /Users/antkong/local/lib/python3.3/site-packages/setuptools/archive_uTIL.py to archive_uTIL.cpython-33.pyc
byte-compiling /Users/antkong/local/lib/python3.3/site-packages/setuptools/command/<strong>init</strong>.py to <strong>init</strong>.cpython-33.pyc
byte-compiling /Users/antkong/local/lib/python3.3/site-packages/setuptools/command/alias.py to alias.cpython-33.pyc
  File &ldquo;/Users/antkong/local/lib/python3.3/site-packages/setuptools/command/alias.py&rdquo;, line 12</p>

<pre><code>if arg.split()[arg]:
               ^
</code></pre>

<p>SyntaxError: invalid syntax</p>

<p>byte-compiling /Users/antkong/local/lib/python3.3/site-packages/setuptools/command/bdist_egg.py to bdist_egg.cpython-33.pyc
  File &ldquo;/Users/antkong/local/lib/python3.3/site-packages/setuptools/command/bdist_egg.py&rdquo;, line 410</p>

<pre><code>if safe is None or bool(safe)flag:
                              ^
</code></pre>

<p>SyntaxError: invalid syntax</p>

<p>byte-compiling /Users/antkong/local/lib/python3.3/site-packages/setuptools/command/bdist_rpm.py to bdist_rpm.cpython-33.pyc
byte-compiling /Users/antkong/local/lib/python3.3/site-packages/setuptools/command/bdist_wininst.py to bdist_wininst.cpython-33.pyc
byte-compiling /Users/antkong/local/lib/python3.3/site-packages/setuptools/command/build_ext.py to build_ext.cpython-33.pyc
byte-compiling /Users/antkong/local/lib/python3.3/site-packages/setuptools/command/build_py.py to build_py.cpython-33.pyc
byte-compiling /Users/antkong/local/lib/python3.3/site-packages/setuptools/command/develop.py to develop.cpython-33.pyc
byte-compiling /Users/antkong/local/lib/python3.3/site-packages/setuptools/command/easy_install.py to easy_install.cpython-33.pyc
  File &ldquo;/Users/antkong/local/lib/python3.3/site-packages/setuptools/command/easy_install.py&rdquo;, line 195</p>

<pre><code>print 'distribute %s' % get_distribution('distribute').version
                    ^
</code></pre>

<p>SyntaxError: invalid syntax</p>

<p>byte-compiling /Users/antkong/local/lib/python3.3/site-packages/setuptools/command/egg_info.py to egg_info.cpython-33.pyc
byte-compiling /Users/antkong/local/lib/python3.3/site-packages/setuptools/command/install.py to install.cpython-33.pyc
byte-compiling /Users/antkong/local/lib/python3.3/site-packages/setuptools/command/install_egg_info.py to install_egg_info.cpython-33.pyc
byte-compiling /Users/antkong/local/lib/python3.3/site-packages/setuptools/command/install_lib.py to install_lib.cpython-33.pyc
byte-compiling /Users/antkong/local/lib/python3.3/site-packages/setuptools/command/install_scripts.py to install_scripts.cpython-33.pyc
  File &ldquo;/Users/antkong/local/lib/python3.3/site-packages/setuptools/command/install_scripts.py&rdquo;, line 52</p>

<pre><code>chmod(target,0755)
                ^
</code></pre>

<p>SyntaxError: invalid token</p>

<p>byte-compiling /Users/antkong/local/lib/python3.3/site-packages/setuptools/command/register.py to register.cpython-33.pyc
byte-compiling /Users/antkong/local/lib/python3.3/site-packages/setuptools/command/rotate.py to rotate.cpython-33.pyc
byte-compiling /Users/antkong/local/lib/python3.3/site-packages/setuptools/command/saveopts.py to saveopts.cpython-33.pyc
byte-compiling /Users/antkong/local/lib/python3.3/site-packages/setuptools/command/sdist.py to sdist.cpython-33.pyc
byte-compiling /Users/antkong/local/lib/python3.3/site-packages/setuptools/command/setopt.py to setopt.cpython-33.pyc
byte-compiling /Users/antkong/local/lib/python3.3/site-packages/setuptools/command/test.py to test.cpython-33.pyc
byte-compiling /Users/antkong/local/lib/python3.3/site-packages/setuptools/command/upload.py to upload.cpython-33.pyc
  File &ldquo;/Users/antkong/local/lib/python3.3/site-packages/setuptools/command/upload.py&rdquo;, line 158</p>

<pre><code>raise AssertionError, "unsupported schema "+schema
                    ^
</code></pre>

<p>SyntaxError: invalid syntax</p>

<p>byte-compiling /Users/antkong/local/lib/python3.3/site-packages/setuptools/command/upload_docs.py to upload_docs.cpython-33.pyc
  File &ldquo;/Users/antkong/local/lib/python3.3/site-packages/setuptools/command/upload_docs.py&rdquo;, line 160</p>

<pre><code>except socket.error, e:
                   ^
</code></pre>

<p>SyntaxError: invalid syntax</p>

<p>byte-compiling /Users/antkong/local/lib/python3.3/site-packages/setuptools/depends.py to depends.cpython-33.pyc
  File &ldquo;/Users/antkong/local/lib/python3.3/site-packages/setuptools/depends.py&rdquo;, line 39</p>

<pre><code>str(version)"unknown" and version &gt;= self.requested_version
             ^
</code></pre>

<p>SyntaxError: invalid syntax</p>

<p>byte-compiling /Users/antkong/local/lib/python3.3/site-packages/setuptools/dist.py to dist.cpython-33.pyc
  File &ldquo;/Users/antkong/local/lib/python3.3/site-packages/setuptools/dist.py&rdquo;, line 103</p>

<pre><code>except ValueError, e:
                 ^
</code></pre>

<p>SyntaxError: invalid syntax</p>

<p>byte-compiling /Users/antkong/local/lib/python3.3/site-packages/setuptools/extension.py to extension.cpython-33.pyc
byte-compiling /Users/antkong/local/lib/python3.3/site-packages/setuptools/package_index.py to package_index.cpython-33.pyc
  File &ldquo;/Users/antkong/local/lib/python3.3/site-packages/setuptools/package_index.py&rdquo;, line 355</p>

<pre><code>if cs.hexdigest()info[4:]:
                  ^
</code></pre>

<p>SyntaxError: invalid syntax</p>

<p>byte-compiling /Users/antkong/local/lib/python3.3/site-packages/setuptools/sandbox.py to sandbox.cpython-33.pyc
  File &ldquo;/Users/antkong/local/lib/python3.3/site-packages/setuptools/sandbox.py&rdquo;, line 35</p>

<pre><code>except SystemExit, v:
                 ^
</code></pre>

<p>SyntaxError: invalid syntax</p>

<p>byte-compiling /Users/antkong/local/lib/python3.3/site-packages/setuptools/script template (dev).py to script template (dev).cpython-33.pyc
byte-compiling /Users/antkong/local/lib/python3.3/site-packages/setuptools/script template.py to script template.cpython-33.pyc
byte-compiling /Users/antkong/local/lib/python3.3/site-packages/setuptools/tests/<strong>init</strong>.py to <strong>init</strong>.cpython-33.pyc
byte-compiling /Users/antkong/local/lib/python3.3/site-packages/setuptools/tests/doctest.py to doctest.cpython-33.pyc
  File &ldquo;/Users/antkong/local/lib/python3.3/site-packages/setuptools/tests/doctest.py&rdquo;, line 370</p>

<pre><code>raise TypeError, 'Expected a module: %r' % module
               ^
</code></pre>

<p>SyntaxError: invalid syntax</p>

<p>byte-compiling /Users/antkong/local/lib/python3.3/site-packages/setuptools/tests/server.py to server.cpython-33.pyc
byte-compiling /Users/antkong/local/lib/python3.3/site-packages/setuptools/tests/test_build_ext.py to test_build_ext.cpython-33.pyc
byte-compiling /Users/antkong/local/lib/python3.3/site-packages/setuptools/tests/test_develop.py to test_develop.cpython-33.pyc
  File &ldquo;/Users/antkong/local/lib/python3.3/site-packages/setuptools/tests/test_develop.py&rdquo;, line 76</p>

<pre><code>except DistuTILsError, e:
                     ^
</code></pre>

<p>SyntaxError: invalid syntax</p>

<p>byte-compiling /Users/antkong/local/lib/python3.3/site-packages/setuptools/tests/test_easy_install.py to test_easy_install.cpython-33.pyc
byte-compiling /Users/antkong/local/lib/python3.3/site-packages/setuptools/tests/test_packageindex.py to test_packageindex.cpython-33.pyc
  File &ldquo;/Users/antkong/local/lib/python3.3/site-packages/setuptools/tests/test_packageindex.py&rdquo;, line 17</p>

<pre><code>except Exception, v:
                ^
</code></pre>

<p>SyntaxError: invalid syntax</p>

<p>byte-compiling /Users/antkong/local/lib/python3.3/site-packages/setuptools/tests/test_resources.py to test_resources.cpython-33.pyc
  File &ldquo;/Users/antkong/local/lib/python3.3/site-packages/setuptools/tests/test_resources.py&rdquo;, line 640</p>

<pre><code>except ImportError, e:
                  ^
</code></pre>

<p>SyntaxError: invalid syntax</p>

<p>byte-compiling /Users/antkong/local/lib/python3.3/site-packages/setuptools/tests/test_sandbox.py to test_sandbox.cpython-33.pyc
byte-compiling /Users/antkong/local/lib/python3.3/site-packages/setuptools/tests/test_upload_docs.py to test_upload_docs.cpython-33.pyc
byte-compiling /Users/antkong/local/lib/python3.3/site-packages/site.py to site.cpython-33.pyc
running install_egg_info
Writing /Users/antkong/local/lib/python3.3/site-packages/distribute-0.6.26-py3.3.egg-info
After install bootstrap.
Creating /Users/antkong/local/lib/python3.3/site-packages/setuptools-0.6c11-py3.3.egg-info
Creating /Users/antkong/local/lib/python3.3/site-packages/setuptools.pth</p>

<p>```</p>
]]></content>
  </entry>
  
  <entry>
    <title type="html"><![CDATA[pip, setuptools, easy_install and distribute]]></title>
    <link href="http://kongakong.github.io/post/2012/04/28/p-21933322665/"/>
    <updated>2012-04-28T07:42:00+10:00</updated>
    <id>http://kongakong.github.io/post/2012/04/28/p-21933322665</id>
    <content type="html"><![CDATA[<p>Trying to install pip 1.1 for python3.</p>

<p>```</p>

<p>$ python3 setup.py install
Traceback (most recent call last):
  File &ldquo;setup.py&rdquo;, line 3, in</p>

<p><a href="setuptools">http://pypi.python.org/pypi/setuptools</a></p>

<p><a href="Distribute">http://packages.python.org/distribute/</a></p>
]]></content>
  </entry>
  
  <entry>
    <title type="html"><![CDATA[Followup piece of my last gcc 4.2 problem]]></title>
    <link href="http://kongakong.github.io/post/2012/04/28/p-21914025778/"/>
    <updated>2012-04-28T01:08:00+10:00</updated>
    <id>http://kongakong.github.io/post/2012/04/28/p-21914025778</id>
    <content type="html"><![CDATA[<p>Followup piece of <a href="/blog/2012/04/26/p-21844435707/">GNU gcc-4.2 issue on OSX 10.7</a>. So I downloaded a gcc package from <a href="https://github.com/kennethreitz/osx-gcc-installer"> this location</a>. Then run this command</p>

<p><code>
installer -pkg GCC-10.7.pkg -target /
</code>
Problem solved. Now I can compile python3. For example,
<code>
CC=gcc-4.2 ./configure
make &amp;&amp; make install
</code></p>
]]></content>
  </entry>
  
</feed>
